<?xml version="1.0" encoding="UTF-8"?>
<coverage generated="1651844182131" clover="3.2.0">
  <project timestamp="1651844182131" name="All files">
    <metrics statements="85" coveredstatements="80" conditionals="31" coveredconditionals="23" methods="10" coveredmethods="9" elements="126" coveredelements="112" complexity="0" loc="85" ncloc="85" packages="6" files="7" classes="7"/>
    <package name="src">
      <metrics statements="16" coveredstatements="12" conditionals="6" coveredconditionals="1" methods="2" coveredmethods="1"/>
      <file name="app.js" path="/Users/shosarin/Desktop/Documents/DOCS/TGA/Exercises/Microservice E2/microservice/TGA_microservices/ms_issuehistory/src/app.js">
        <metrics statements="16" coveredstatements="12" conditionals="6" coveredconditionals="1" methods="2" coveredmethods="1"/>
        <line num="9" count="1" type="stmt"/>
        <line num="12" count="1" type="stmt"/>
        <line num="13" count="1" type="stmt"/>
        <line num="14" count="1" type="stmt"/>
        <line num="15" count="1" type="stmt"/>
        <line num="16" count="1" type="stmt"/>
        <line num="18" count="1" type="stmt"/>
        <line num="20" count="1" type="stmt"/>
        <line num="21" count="1" type="stmt"/>
        <line num="24" count="1" type="stmt"/>
        <line num="25" count="1" type="stmt"/>
        <line num="29" count="1" type="stmt"/>
        <line num="31" count="0" type="stmt"/>
        <line num="32" count="0" type="cond" truecount="0" falsecount="2"/>
        <line num="35" count="0" type="cond" truecount="0" falsecount="2"/>
        <line num="36" count="0" type="stmt"/>
      </file>
    </package>
    <package name="src.config">
      <metrics statements="1" coveredstatements="1" conditionals="0" coveredconditionals="0" methods="0" coveredmethods="0"/>
      <file name="error.js" path="/Users/shosarin/Desktop/Documents/DOCS/TGA/Exercises/Microservice E2/microservice/TGA_microservices/ms_issuehistory/src/config/error.js">
        <metrics statements="1" coveredstatements="1" conditionals="0" coveredconditionals="0" methods="0" coveredmethods="0"/>
        <line num="1" count="1" type="stmt"/>
      </file>
      <file name="swagger.js" path="/Users/shosarin/Desktop/Documents/DOCS/TGA/Exercises/Microservice E2/microservice/TGA_microservices/ms_issuehistory/src/config/swagger.js">
        <metrics statements="0" coveredstatements="0" conditionals="0" coveredconditionals="0" methods="0" coveredmethods="0"/>
      </file>
    </package>
    <package name="src.controller">
      <metrics statements="40" coveredstatements="40" conditionals="15" coveredconditionals="15" methods="3" coveredmethods="3"/>
      <file name="issueHistory.js" path="/Users/shosarin/Desktop/Documents/DOCS/TGA/Exercises/Microservice E2/microservice/TGA_microservices/ms_issuehistory/src/controller/issueHistory.js">
        <metrics statements="40" coveredstatements="40" conditionals="15" coveredconditionals="15" methods="3" coveredmethods="3"/>
        <line num="5" count="1" type="stmt"/>
        <line num="6" count="1" type="stmt"/>
        <line num="7" count="10" type="stmt"/>
        <line num="8" count="10" type="cond" truecount="2" falsecount="0"/>
        <line num="9" count="3" type="stmt"/>
        <line num="12" count="7" type="cond" truecount="2" falsecount="0"/>
        <line num="13" count="6" type="stmt"/>
        <line num="16" count="1" type="stmt"/>
        <line num="45" count="1" type="stmt"/>
        <line num="46" count="5" type="stmt"/>
        <line num="47" count="5" type="stmt"/>
        <line num="48" count="5" type="stmt"/>
        <line num="49" count="5" type="stmt"/>
        <line num="50" count="5" type="cond" truecount="2" falsecount="0"/>
        <line num="52" count="3" type="cond" truecount="2" falsecount="0"/>
        <line num="53" count="2" type="cond" truecount="4" falsecount="0"/>
        <line num="54" count="1" type="stmt"/>
        <line num="55" count="1" type="stmt"/>
        <line num="60" count="1" type="stmt"/>
        <line num="61" count="1" type="stmt"/>
        <line num="62" count="1" type="stmt"/>
        <line num="70" count="2" type="stmt"/>
        <line num="71" count="2" type="stmt"/>
        <line num="73" count="2" type="stmt"/>
        <line num="81" count="1" type="stmt"/>
        <line num="83" count="1" type="stmt"/>
        <line num="85" count="1" type="stmt"/>
        <line num="134" count="1" type="stmt"/>
        <line num="135" count="5" type="stmt"/>
        <line num="138" count="5" type="stmt"/>
        <line num="139" count="5" type="stmt"/>
        <line num="140" count="5" type="cond" truecount="2" falsecount="0"/>
        <line num="141" count="3" type="stmt"/>
        <line num="146" count="2" type="stmt"/>
        <line num="151" count="2" type="stmt"/>
        <line num="154" count="2" type="stmt"/>
        <line num="155" count="2" type="stmt"/>
        <line num="163" count="1" type="stmt"/>
        <line num="165" count="1" type="stmt"/>
        <line num="167" count="1" type="stmt"/>
      </file>
    </package>
    <package name="src.models">
      <metrics statements="4" coveredstatements="4" conditionals="0" coveredconditionals="0" methods="0" coveredmethods="0"/>
      <file name="issueHistory.js" path="/Users/shosarin/Desktop/Documents/DOCS/TGA/Exercises/Microservice E2/microservice/TGA_microservices/ms_issuehistory/src/models/issueHistory.js">
        <metrics statements="4" coveredstatements="4" conditionals="0" coveredconditionals="0" methods="0" coveredmethods="0"/>
        <line num="3" count="1" type="stmt"/>
        <line num="4" count="1" type="stmt"/>
        <line num="40" count="1" type="stmt"/>
        <line num="44" count="1" type="stmt"/>
      </file>
    </package>
    <package name="src.routes">
      <metrics statements="4" coveredstatements="4" conditionals="0" coveredconditionals="0" methods="1" coveredmethods="1"/>
      <file name="issueHistory.js" path="/Users/shosarin/Desktop/Documents/DOCS/TGA/Exercises/Microservice E2/microservice/TGA_microservices/ms_issuehistory/src/routes/issueHistory.js">
        <metrics statements="4" coveredstatements="4" conditionals="0" coveredconditionals="0" methods="1" coveredmethods="1"/>
        <line num="6" count="1" type="stmt"/>
        <line num="7" count="1" type="stmt"/>
        <line num="8" count="1" type="stmt"/>
        <line num="9" count="1" type="stmt"/>
      </file>
    </package>
    <package name="src.utils">
      <metrics statements="20" coveredstatements="19" conditionals="10" coveredconditionals="7" methods="4" coveredmethods="4"/>
      <file name="logger.js" path="/Users/shosarin/Desktop/Documents/DOCS/TGA/Exercises/Microservice E2/microservice/TGA_microservices/ms_issuehistory/src/utils/logger.js">
        <metrics statements="20" coveredstatements="19" conditionals="10" coveredconditionals="7" methods="4" coveredmethods="4"/>
        <line num="5" count="1" type="stmt"/>
        <line num="6" count="1" type="stmt"/>
        <line num="12" count="1" type="stmt"/>
        <line num="35" count="1" type="stmt"/>
        <line num="39" count="1" type="stmt"/>
        <line num="40" count="1" type="stmt"/>
        <line num="41" count="1" type="stmt"/>
        <line num="42" count="1" type="stmt"/>
        <line num="44" count="1" type="stmt"/>
        <line num="58" count="1" type="cond" truecount="1" falsecount="1"/>
        <line num="71" count="26" type="stmt"/>
        <line num="81" count="1" type="stmt"/>
        <line num="83" count="1" type="stmt"/>
        <line num="85" count="13" type="cond" truecount="1" falsecount="1"/>
        <line num="86" count="0" type="stmt"/>
        <line num="89" count="13" type="stmt"/>
        <line num="90" count="13" type="stmt"/>
        <line num="92" count="13" type="stmt"/>
        <line num="95" count="1" type="stmt"/>
        <line num="106" count="1" type="stmt"/>
      </file>
    </package>
  </project>
</coverage>
