{"/Users/shosarin/Desktop/Documents/DOCS/TGA/Exercises/Microservice E2/microservice/TGA_microservices/ms_issuehistory/src/app.js": {"path":"/Users/shosarin/Desktop/Documents/DOCS/TGA/Exercises/Microservice E2/microservice/TGA_microservices/ms_issuehistory/src/app.js","statementMap":{"0":{"start":{"line":9,"column":0},"end":{"line":11,"column":2}},"1":{"start":{"line":12,"column":12},"end":{"line":12,"column":21}},"2":{"start":{"line":13,"column":0},"end":{"line":13,"column":24}},"3":{"start":{"line":14,"column":0},"end":{"line":14,"column":49}},"4":{"start":{"line":15,"column":0},"end":{"line":15,"column":24}},"5":{"start":{"line":16,"column":0},"end":{"line":16,"column":28}},"6":{"start":{"line":18,"column":20},"end":{"line":18,"column":48}},"7":{"start":{"line":20,"column":0},"end":{"line":20,"column":68}},"8":{"start":{"line":21,"column":0},"end":{"line":21,"column":24}},"9":{"start":{"line":24,"column":0},"end":{"line":26,"column":3}},"10":{"start":{"line":25,"column":2},"end":{"line":25,"column":25}},"11":{"start":{"line":29,"column":0},"end":{"line":37,"column":3}},"12":{"start":{"line":31,"column":2},"end":{"line":31,"column":35}},"13":{"start":{"line":32,"column":2},"end":{"line":32,"column":69}},"14":{"start":{"line":35,"column":2},"end":{"line":35,"column":32}},"15":{"start":{"line":36,"column":2},"end":{"line":36,"column":22}}},"fnMap":{"0":{"name":"(anonymous_0)","decl":{"start":{"line":24,"column":8},"end":{"line":24,"column":9}},"loc":{"start":{"line":24,"column":34},"end":{"line":26,"column":1}},"line":24},"1":{"name":"(anonymous_1)","decl":{"start":{"line":29,"column":8},"end":{"line":29,"column":9}},"loc":{"start":{"line":29,"column":33},"end":{"line":37,"column":1}},"line":29}},"branchMap":{"0":{"loc":{"start":{"line":10,"column":2},"end":{"line":10,"column":72}},"type":"cond-expr","locations":[{"start":{"line":10,"column":36},"end":{"line":10,"column":49}},{"start":{"line":10,"column":52},"end":{"line":10,"column":72}}],"line":10},"1":{"loc":{"start":{"line":32,"column":21},"end":{"line":32,"column":68}},"type":"cond-expr","locations":[{"start":{"line":32,"column":60},"end":{"line":32,"column":63}},{"start":{"line":32,"column":66},"end":{"line":32,"column":68}}],"line":32},"2":{"loc":{"start":{"line":35,"column":13},"end":{"line":35,"column":30}},"type":"binary-expr","locations":[{"start":{"line":35,"column":13},"end":{"line":35,"column":23}},{"start":{"line":35,"column":27},"end":{"line":35,"column":30}}],"line":35}},"s":{"0":1,"1":1,"2":1,"3":1,"4":1,"5":1,"6":1,"7":1,"8":1,"9":1,"10":1,"11":1,"12":0,"13":0,"14":0,"15":0},"f":{"0":1,"1":0},"b":{"0":[1,0],"1":[0,0],"2":[0,0]},"_coverageSchema":"1a1c01bbd47fc00a2c39e90264f33305004495a9","hash":"9d3b8a3ed24abffb71f32717562c83903307f4ba"}
,"/Users/shosarin/Desktop/Documents/DOCS/TGA/Exercises/Microservice E2/microservice/TGA_microservices/ms_issuehistory/src/config/error.js": {"path":"/Users/shosarin/Desktop/Documents/DOCS/TGA/Exercises/Microservice E2/microservice/TGA_microservices/ms_issuehistory/src/config/error.js","statementMap":{"0":{"start":{"line":1,"column":26},"end":{"line":30,"column":1}}},"fnMap":{},"branchMap":{},"s":{"0":1},"f":{},"b":{},"_coverageSchema":"1a1c01bbd47fc00a2c39e90264f33305004495a9","hash":"ef9ab0543517d0f9555b82dc85abee64fb021a03"}
,"/Users/shosarin/Desktop/Documents/DOCS/TGA/Exercises/Microservice E2/microservice/TGA_microservices/ms_issuehistory/src/config/swagger.js": {"path":"/Users/shosarin/Desktop/Documents/DOCS/TGA/Exercises/Microservice E2/microservice/TGA_microservices/ms_issuehistory/src/config/swagger.js","statementMap":{},"fnMap":{},"branchMap":{},"s":{},"f":{},"b":{},"_coverageSchema":"1a1c01bbd47fc00a2c39e90264f33305004495a9","hash":"04bc5caf7cc85d246136f1729b3c62e927b58c01"}
,"/Users/shosarin/Desktop/Documents/DOCS/TGA/Exercises/Microservice E2/microservice/TGA_microservices/ms_issuehistory/src/controller/issueHistory.js": {"path":"/Users/shosarin/Desktop/Documents/DOCS/TGA/Exercises/Microservice E2/microservice/TGA_microservices/ms_issuehistory/src/controller/issueHistory.js","statementMap":{"0":{"start":{"line":5,"column":28},"end":{"line":5,"column":38}},"1":{"start":{"line":6,"column":25},"end":{"line":17,"column":1}},"2":{"start":{"line":7,"column":16},"end":{"line":7,"column":33}},"3":{"start":{"line":8,"column":2},"end":{"line":10,"column":3}},"4":{"start":{"line":9,"column":4},"end":{"line":9,"column":17}},"5":{"start":{"line":12,"column":2},"end":{"line":14,"column":3}},"6":{"start":{"line":13,"column":4},"end":{"line":13,"column":19}},"7":{"start":{"line":16,"column":2},"end":{"line":16,"column":15}},"8":{"start":{"line":45,"column":35},"end":{"line":90,"column":1}},"9":{"start":{"line":46,"column":2},"end":{"line":89,"column":3}},"10":{"start":{"line":47,"column":26},"end":{"line":47,"column":36}},"11":{"start":{"line":48,"column":4},"end":{"line":48,"column":40}},"12":{"start":{"line":49,"column":4},"end":{"line":49,"column":38}},"13":{"start":{"line":50,"column":4},"end":{"line":78,"column":5}},"14":{"start":{"line":51,"column":31},"end":{"line":51,"column":68}},"15":{"start":{"line":52,"column":6},"end":{"line":67,"column":7}},"16":{"start":{"line":53,"column":8},"end":{"line":53,"column":39}},"17":{"start":{"line":54,"column":8},"end":{"line":57,"column":11}},"18":{"start":{"line":59,"column":8},"end":{"line":59,"column":40}},"19":{"start":{"line":60,"column":36},"end":{"line":60,"column":63}},"20":{"start":{"line":61,"column":8},"end":{"line":66,"column":11}},"21":{"start":{"line":69,"column":6},"end":{"line":69,"column":66}},"22":{"start":{"line":70,"column":34},"end":{"line":70,"column":61}},"23":{"start":{"line":72,"column":6},"end":{"line":77,"column":9}},"24":{"start":{"line":80,"column":4},"end":{"line":80,"column":47}},"25":{"start":{"line":82,"column":32},"end":{"line":82,"column":62}},"26":{"start":{"line":84,"column":4},"end":{"line":88,"column":7}},"27":{"start":{"line":116,"column":34},"end":{"line":151,"column":1}},"28":{"start":{"line":117,"column":2},"end":{"line":150,"column":3}},"29":{"start":{"line":118,"column":32},"end":{"line":118,"column":35}},"30":{"start":{"line":119,"column":4},"end":{"line":119,"column":28}},"31":{"start":{"line":120,"column":4},"end":{"line":120,"column":34}},"32":{"start":{"line":121,"column":21},"end":{"line":121,"column":46}},"33":{"start":{"line":122,"column":4},"end":{"line":139,"column":7}},"34":{"start":{"line":123,"column":6},"end":{"line":138,"column":7}},"35":{"start":{"line":124,"column":36},"end":{"line":124,"column":63}},"36":{"start":{"line":125,"column":8},"end":{"line":125,"column":65}},"37":{"start":{"line":126,"column":8},"end":{"line":130,"column":11}},"38":{"start":{"line":131,"column":13},"end":{"line":138,"column":7}},"39":{"start":{"line":132,"column":8},"end":{"line":132,"column":50}},"40":{"start":{"line":133,"column":8},"end":{"line":133,"column":26}},"41":{"start":{"line":134,"column":8},"end":{"line":137,"column":11}},"42":{"start":{"line":141,"column":4},"end":{"line":141,"column":53}},"43":{"start":{"line":143,"column":32},"end":{"line":143,"column":62}},"44":{"start":{"line":145,"column":4},"end":{"line":149,"column":7}}},"fnMap":{"0":{"name":"(anonymous_0)","decl":{"start":{"line":6,"column":25},"end":{"line":6,"column":26}},"loc":{"start":{"line":6,"column":34},"end":{"line":17,"column":1}},"line":6},"1":{"name":"(anonymous_1)","decl":{"start":{"line":45,"column":35},"end":{"line":45,"column":36}},"loc":{"start":{"line":45,"column":55},"end":{"line":90,"column":1}},"line":45},"2":{"name":"(anonymous_2)","decl":{"start":{"line":116,"column":34},"end":{"line":116,"column":35}},"loc":{"start":{"line":116,"column":54},"end":{"line":151,"column":1}},"line":116},"3":{"name":"(anonymous_3)","decl":{"start":{"line":122,"column":24},"end":{"line":122,"column":25}},"loc":{"start":{"line":122,"column":39},"end":{"line":139,"column":5}},"line":122}},"branchMap":{"0":{"loc":{"start":{"line":8,"column":2},"end":{"line":10,"column":3}},"type":"if","locations":[{"start":{"line":8,"column":2},"end":{"line":10,"column":3}},{"start":{},"end":{}}],"line":8},"1":{"loc":{"start":{"line":12,"column":2},"end":{"line":14,"column":3}},"type":"if","locations":[{"start":{"line":12,"column":2},"end":{"line":14,"column":3}},{"start":{},"end":{}}],"line":12},"2":{"loc":{"start":{"line":50,"column":4},"end":{"line":78,"column":5}},"type":"if","locations":[{"start":{"line":50,"column":4},"end":{"line":78,"column":5}},{"start":{"line":68,"column":11},"end":{"line":78,"column":5}}],"line":50},"3":{"loc":{"start":{"line":52,"column":6},"end":{"line":67,"column":7}},"type":"if","locations":[{"start":{"line":52,"column":6},"end":{"line":67,"column":7}},{"start":{"line":58,"column":13},"end":{"line":67,"column":7}}],"line":52},"4":{"loc":{"start":{"line":52,"column":10},"end":{"line":52,"column":35}},"type":"binary-expr","locations":[{"start":{"line":52,"column":10},"end":{"line":52,"column":17}},{"start":{"line":52,"column":21},"end":{"line":52,"column":35}}],"line":52},"5":{"loc":{"start":{"line":123,"column":6},"end":{"line":138,"column":7}},"type":"if","locations":[{"start":{"line":123,"column":6},"end":{"line":138,"column":7}},{"start":{"line":131,"column":13},"end":{"line":138,"column":7}}],"line":123},"6":{"loc":{"start":{"line":131,"column":13},"end":{"line":138,"column":7}},"type":"if","locations":[{"start":{"line":131,"column":13},"end":{"line":138,"column":7}},{"start":{},"end":{}}],"line":131}},"s":{"0":1,"1":1,"2":3,"3":3,"4":1,"5":2,"6":2,"7":0,"8":1,"9":3,"10":3,"11":3,"12":3,"13":3,"14":2,"15":0,"16":0,"17":0,"18":0,"19":0,"20":0,"21":1,"22":1,"23":1,"24":2,"25":2,"26":2,"27":1,"28":0,"29":0,"30":0,"31":0,"32":0,"33":0,"34":0,"35":0,"36":0,"37":0,"38":0,"39":0,"40":0,"41":0,"42":0,"43":0,"44":0},"f":{"0":3,"1":3,"2":0,"3":0},"b":{"0":[1,2],"1":[2,0],"2":[2,1],"3":[0,0],"4":[0,0],"5":[0,0],"6":[0,0]},"_coverageSchema":"1a1c01bbd47fc00a2c39e90264f33305004495a9","hash":"c867a9ffaab8549c161d8e6c35332d78e4a5c8df"}
,"/Users/shosarin/Desktop/Documents/DOCS/TGA/Exercises/Microservice E2/microservice/TGA_microservices/ms_issuehistory/src/models/issueHistory.js": {"path":"/Users/shosarin/Desktop/Documents/DOCS/TGA/Exercises/Microservice E2/microservice/TGA_microservices/ms_issuehistory/src/models/issueHistory.js","statementMap":{"0":{"start":{"line":3,"column":29},"end":{"line":3,"column":32}},"1":{"start":{"line":4,"column":20},"end":{"line":36,"column":2}},"2":{"start":{"line":38,"column":26},"end":{"line":38,"column":69}},"3":{"start":{"line":39,"column":41},"end":{"line":41,"column":1}}},"fnMap":{},"branchMap":{},"s":{"0":1,"1":1,"2":1,"3":1},"f":{},"b":{},"_coverageSchema":"1a1c01bbd47fc00a2c39e90264f33305004495a9","hash":"021941c0ad6c92c7858965132bf73fff59cae6cc"}
,"/Users/shosarin/Desktop/Documents/DOCS/TGA/Exercises/Microservice E2/microservice/TGA_microservices/ms_issuehistory/src/routes/issueHistory.js": {"path":"/Users/shosarin/Desktop/Documents/DOCS/TGA/Exercises/Microservice E2/microservice/TGA_microservices/ms_issuehistory/src/routes/issueHistory.js","statementMap":{"0":{"start":{"line":6,"column":27},"end":{"line":9,"column":1}},"1":{"start":{"line":7,"column":2},"end":{"line":7,"column":52}},"2":{"start":{"line":8,"column":2},"end":{"line":8,"column":48}}},"fnMap":{"0":{"name":"(anonymous_0)","decl":{"start":{"line":6,"column":27},"end":{"line":6,"column":28}},"loc":{"start":{"line":6,"column":36},"end":{"line":9,"column":1}},"line":6}},"branchMap":{},"s":{"0":1,"1":1,"2":1},"f":{"0":1},"b":{},"_coverageSchema":"1a1c01bbd47fc00a2c39e90264f33305004495a9","hash":"00a563adf83ac52a4e2f1059bf91b7b179dd5373"}
,"/Users/shosarin/Desktop/Documents/DOCS/TGA/Exercises/Microservice E2/microservice/TGA_microservices/ms_issuehistory/src/utils/logger.js": {"path":"/Users/shosarin/Desktop/Documents/DOCS/TGA/Exercises/Microservice E2/microservice/TGA_microservices/ms_issuehistory/src/utils/logger.js","statementMap":{"0":{"start":{"line":5,"column":56},"end":{"line":5,"column":62}},"1":{"start":{"line":6,"column":23},"end":{"line":6,"column":33}},"2":{"start":{"line":12,"column":24},"end":{"line":34,"column":1}},"3":{"start":{"line":35,"column":0},"end":{"line":35,"column":34}},"4":{"start":{"line":39,"column":17},"end":{"line":39,"column":21}},"5":{"start":{"line":40,"column":4},"end":{"line":40,"column":29}},"6":{"start":{"line":41,"column":4},"end":{"line":41,"column":34}},"7":{"start":{"line":42,"column":29},"end":{"line":42,"column":33}},"8":{"start":{"line":44,"column":4},"end":{"line":56,"column":6}},"9":{"start":{"line":58,"column":4},"end":{"line":67,"column":35}},"10":{"start":{"line":71,"column":4},"end":{"line":71,"column":52}},"11":{"start":{"line":81,"column":17},"end":{"line":81,"column":21}},"12":{"start":{"line":83,"column":22},"end":{"line":93,"column":6}},"13":{"start":{"line":85,"column":6},"end":{"line":87,"column":7}},"14":{"start":{"line":86,"column":8},"end":{"line":86,"column":65}},"15":{"start":{"line":89,"column":27},"end":{"line":89,"column":61}},"16":{"start":{"line":90,"column":23},"end":{"line":90,"column":67}},"17":{"start":{"line":92,"column":6},"end":{"line":92,"column":69}},"18":{"start":{"line":95,"column":4},"end":{"line":103,"column":7}},"19":{"start":{"line":106,"column":18},"end":{"line":106,"column":47}}},"fnMap":{"0":{"name":"(anonymous_0)","decl":{"start":{"line":38,"column":2},"end":{"line":38,"column":3}},"loc":{"start":{"line":38,"column":52},"end":{"line":68,"column":3}},"line":38},"1":{"name":"(anonymous_1)","decl":{"start":{"line":70,"column":2},"end":{"line":70,"column":3}},"loc":{"start":{"line":70,"column":32},"end":{"line":72,"column":3}},"line":70},"2":{"name":"(anonymous_2)","decl":{"start":{"line":80,"column":2},"end":{"line":80,"column":3}},"loc":{"start":{"line":80,"column":14},"end":{"line":104,"column":3}},"line":80},"3":{"name":"(anonymous_3)","decl":{"start":{"line":83,"column":29},"end":{"line":83,"column":30}},"loc":{"start":{"line":83,"column":78},"end":{"line":93,"column":5}},"line":83}},"branchMap":{"0":{"loc":{"start":{"line":38,"column":14},"end":{"line":38,"column":50}},"type":"default-arg","locations":[{"start":{"line":38,"column":48},"end":{"line":38,"column":50}}],"line":38},"1":{"loc":{"start":{"line":38,"column":16},"end":{"line":38,"column":43}},"type":"default-arg","locations":[{"start":{"line":38,"column":27},"end":{"line":38,"column":43}}],"line":38},"2":{"loc":{"start":{"line":46,"column":10},"end":{"line":55,"column":12}},"type":"cond-expr","locations":[{"start":{"line":47,"column":10},"end":{"line":54,"column":11}},{"start":{"line":55,"column":10},"end":{"line":55,"column":12}}],"line":46},"3":{"loc":{"start":{"line":58,"column":29},"end":{"line":67,"column":34}},"type":"cond-expr","locations":[{"start":{"line":59,"column":8},"end":{"line":66,"column":9}},{"start":{"line":67,"column":8},"end":{"line":67,"column":34}}],"line":58},"4":{"loc":{"start":{"line":85,"column":6},"end":{"line":87,"column":7}},"type":"if","locations":[{"start":{"line":85,"column":6},"end":{"line":87,"column":7}},{"start":{},"end":{}}],"line":85},"5":{"loc":{"start":{"line":96,"column":13},"end":{"line":96,"column":44}},"type":"binary-expr","locations":[{"start":{"line":96,"column":13},"end":{"line":96,"column":34}},{"start":{"line":96,"column":38},"end":{"line":96,"column":44}}],"line":96}},"s":{"0":1,"1":1,"2":1,"3":1,"4":1,"5":1,"6":1,"7":1,"8":1,"9":1,"10":12,"11":1,"12":1,"13":6,"14":0,"15":6,"16":6,"17":6,"18":1,"19":1},"f":{"0":1,"1":12,"2":1,"3":6},"b":{"0":[1],"1":[1],"2":[1,0],"3":[1,0],"4":[0,6],"5":[1,1]},"_coverageSchema":"1a1c01bbd47fc00a2c39e90264f33305004495a9","hash":"dcdf6fbac1182f1de0275319eb3e347e62746be3"}
}
