{"/Users/shosarin/Desktop/Documents/DOCS/TGA/Exercises/Microservice E2/microservice/TGA_microservices/ms_issuehistory/src/app.js": {"path":"/Users/shosarin/Desktop/Documents/DOCS/TGA/Exercises/Microservice E2/microservice/TGA_microservices/ms_issuehistory/src/app.js","statementMap":{"0":{"start":{"line":9,"column":0},"end":{"line":11,"column":2}},"1":{"start":{"line":12,"column":12},"end":{"line":12,"column":21}},"2":{"start":{"line":13,"column":0},"end":{"line":13,"column":24}},"3":{"start":{"line":14,"column":0},"end":{"line":14,"column":49}},"4":{"start":{"line":15,"column":0},"end":{"line":15,"column":24}},"5":{"start":{"line":16,"column":0},"end":{"line":16,"column":28}},"6":{"start":{"line":18,"column":20},"end":{"line":18,"column":48}},"7":{"start":{"line":20,"column":0},"end":{"line":20,"column":68}},"8":{"start":{"line":21,"column":0},"end":{"line":21,"column":24}},"9":{"start":{"line":24,"column":0},"end":{"line":26,"column":3}},"10":{"start":{"line":25,"column":2},"end":{"line":25,"column":25}},"11":{"start":{"line":29,"column":0},"end":{"line":37,"column":3}},"12":{"start":{"line":31,"column":2},"end":{"line":31,"column":35}},"13":{"start":{"line":32,"column":2},"end":{"line":32,"column":69}},"14":{"start":{"line":35,"column":2},"end":{"line":35,"column":32}},"15":{"start":{"line":36,"column":2},"end":{"line":36,"column":22}}},"fnMap":{"0":{"name":"(anonymous_0)","decl":{"start":{"line":24,"column":8},"end":{"line":24,"column":9}},"loc":{"start":{"line":24,"column":34},"end":{"line":26,"column":1}},"line":24},"1":{"name":"(anonymous_1)","decl":{"start":{"line":29,"column":8},"end":{"line":29,"column":9}},"loc":{"start":{"line":29,"column":33},"end":{"line":37,"column":1}},"line":29}},"branchMap":{"0":{"loc":{"start":{"line":10,"column":2},"end":{"line":10,"column":72}},"type":"cond-expr","locations":[{"start":{"line":10,"column":36},"end":{"line":10,"column":49}},{"start":{"line":10,"column":52},"end":{"line":10,"column":72}}],"line":10},"1":{"loc":{"start":{"line":32,"column":21},"end":{"line":32,"column":68}},"type":"cond-expr","locations":[{"start":{"line":32,"column":60},"end":{"line":32,"column":63}},{"start":{"line":32,"column":66},"end":{"line":32,"column":68}}],"line":32},"2":{"loc":{"start":{"line":35,"column":13},"end":{"line":35,"column":30}},"type":"binary-expr","locations":[{"start":{"line":35,"column":13},"end":{"line":35,"column":23}},{"start":{"line":35,"column":27},"end":{"line":35,"column":30}}],"line":35}},"s":{"0":1,"1":1,"2":1,"3":1,"4":1,"5":1,"6":1,"7":1,"8":1,"9":1,"10":1,"11":1,"12":0,"13":0,"14":0,"15":0},"f":{"0":1,"1":0},"b":{"0":[1,0],"1":[0,0],"2":[0,0]},"_coverageSchema":"1a1c01bbd47fc00a2c39e90264f33305004495a9","hash":"9d3b8a3ed24abffb71f32717562c83903307f4ba"}
,"/Users/shosarin/Desktop/Documents/DOCS/TGA/Exercises/Microservice E2/microservice/TGA_microservices/ms_issuehistory/src/config/error.js": {"path":"/Users/shosarin/Desktop/Documents/DOCS/TGA/Exercises/Microservice E2/microservice/TGA_microservices/ms_issuehistory/src/config/error.js","statementMap":{"0":{"start":{"line":1,"column":26},"end":{"line":30,"column":1}}},"fnMap":{},"branchMap":{},"s":{"0":1},"f":{},"b":{},"_coverageSchema":"1a1c01bbd47fc00a2c39e90264f33305004495a9","hash":"ef9ab0543517d0f9555b82dc85abee64fb021a03"}
,"/Users/shosarin/Desktop/Documents/DOCS/TGA/Exercises/Microservice E2/microservice/TGA_microservices/ms_issuehistory/src/config/swagger.js": {"path":"/Users/shosarin/Desktop/Documents/DOCS/TGA/Exercises/Microservice E2/microservice/TGA_microservices/ms_issuehistory/src/config/swagger.js","statementMap":{},"fnMap":{},"branchMap":{},"s":{},"f":{},"b":{},"_coverageSchema":"1a1c01bbd47fc00a2c39e90264f33305004495a9","hash":"04bc5caf7cc85d246136f1729b3c62e927b58c01"}
,"/Users/shosarin/Desktop/Documents/DOCS/TGA/Exercises/Microservice E2/microservice/TGA_microservices/ms_issuehistory/src/controller/issueHistory.js": {"path":"/Users/shosarin/Desktop/Documents/DOCS/TGA/Exercises/Microservice E2/microservice/TGA_microservices/ms_issuehistory/src/controller/issueHistory.js","statementMap":{"0":{"start":{"line":5,"column":28},"end":{"line":5,"column":38}},"1":{"start":{"line":6,"column":25},"end":{"line":17,"column":1}},"2":{"start":{"line":7,"column":16},"end":{"line":7,"column":33}},"3":{"start":{"line":8,"column":2},"end":{"line":10,"column":3}},"4":{"start":{"line":9,"column":4},"end":{"line":9,"column":17}},"5":{"start":{"line":12,"column":2},"end":{"line":14,"column":3}},"6":{"start":{"line":13,"column":4},"end":{"line":13,"column":19}},"7":{"start":{"line":16,"column":2},"end":{"line":16,"column":15}},"8":{"start":{"line":45,"column":35},"end":{"line":91,"column":1}},"9":{"start":{"line":46,"column":2},"end":{"line":90,"column":3}},"10":{"start":{"line":47,"column":26},"end":{"line":47,"column":36}},"11":{"start":{"line":48,"column":4},"end":{"line":48,"column":40}},"12":{"start":{"line":49,"column":4},"end":{"line":49,"column":38}},"13":{"start":{"line":50,"column":4},"end":{"line":79,"column":5}},"14":{"start":{"line":52,"column":8},"end":{"line":52,"column":60}},"15":{"start":{"line":53,"column":6},"end":{"line":68,"column":7}},"16":{"start":{"line":54,"column":8},"end":{"line":54,"column":39}},"17":{"start":{"line":55,"column":8},"end":{"line":58,"column":11}},"18":{"start":{"line":60,"column":8},"end":{"line":60,"column":40}},"19":{"start":{"line":61,"column":36},"end":{"line":61,"column":63}},"20":{"start":{"line":62,"column":8},"end":{"line":67,"column":11}},"21":{"start":{"line":70,"column":6},"end":{"line":70,"column":66}},"22":{"start":{"line":71,"column":34},"end":{"line":71,"column":61}},"23":{"start":{"line":73,"column":6},"end":{"line":78,"column":9}},"24":{"start":{"line":81,"column":4},"end":{"line":81,"column":54}},"25":{"start":{"line":83,"column":32},"end":{"line":83,"column":62}},"26":{"start":{"line":85,"column":4},"end":{"line":89,"column":7}},"27":{"start":{"line":134,"column":43},"end":{"line":173,"column":1}},"28":{"start":{"line":135,"column":2},"end":{"line":172,"column":3}},"29":{"start":{"line":138,"column":8},"end":{"line":138,"column":11}},"30":{"start":{"line":139,"column":20},"end":{"line":139,"column":45}},"31":{"start":{"line":140,"column":4},"end":{"line":161,"column":5}},"32":{"start":{"line":141,"column":19},"end":{"line":145,"column":7}},"33":{"start":{"line":146,"column":6},"end":{"line":149,"column":9}},"34":{"start":{"line":151,"column":6},"end":{"line":153,"column":8}},"35":{"start":{"line":154,"column":34},"end":{"line":154,"column":61}},"36":{"start":{"line":155,"column":6},"end":{"line":160,"column":9}},"37":{"start":{"line":163,"column":4},"end":{"line":163,"column":69}},"38":{"start":{"line":165,"column":32},"end":{"line":165,"column":62}},"39":{"start":{"line":167,"column":4},"end":{"line":171,"column":7}}},"fnMap":{"0":{"name":"(anonymous_0)","decl":{"start":{"line":6,"column":25},"end":{"line":6,"column":26}},"loc":{"start":{"line":6,"column":34},"end":{"line":17,"column":1}},"line":6},"1":{"name":"(anonymous_1)","decl":{"start":{"line":45,"column":35},"end":{"line":45,"column":36}},"loc":{"start":{"line":45,"column":55},"end":{"line":91,"column":1}},"line":45},"2":{"name":"(anonymous_2)","decl":{"start":{"line":134,"column":43},"end":{"line":134,"column":44}},"loc":{"start":{"line":134,"column":63},"end":{"line":173,"column":1}},"line":134}},"branchMap":{"0":{"loc":{"start":{"line":8,"column":2},"end":{"line":10,"column":3}},"type":"if","locations":[{"start":{"line":8,"column":2},"end":{"line":10,"column":3}},{"start":{},"end":{}}],"line":8},"1":{"loc":{"start":{"line":12,"column":2},"end":{"line":14,"column":3}},"type":"if","locations":[{"start":{"line":12,"column":2},"end":{"line":14,"column":3}},{"start":{},"end":{}}],"line":12},"2":{"loc":{"start":{"line":50,"column":4},"end":{"line":79,"column":5}},"type":"if","locations":[{"start":{"line":50,"column":4},"end":{"line":79,"column":5}},{"start":{"line":69,"column":11},"end":{"line":79,"column":5}}],"line":50},"3":{"loc":{"start":{"line":51,"column":14},"end":{"line":51,"column":26}},"type":"default-arg","locations":[{"start":{"line":51,"column":24},"end":{"line":51,"column":26}}],"line":51},"4":{"loc":{"start":{"line":52,"column":8},"end":{"line":52,"column":60}},"type":"binary-expr","locations":[{"start":{"line":52,"column":9},"end":{"line":52,"column":53}},{"start":{"line":52,"column":58},"end":{"line":52,"column":60}}],"line":52},"5":{"loc":{"start":{"line":53,"column":6},"end":{"line":68,"column":7}},"type":"if","locations":[{"start":{"line":53,"column":6},"end":{"line":68,"column":7}},{"start":{"line":59,"column":13},"end":{"line":68,"column":7}}],"line":53},"6":{"loc":{"start":{"line":53,"column":10},"end":{"line":53,"column":35}},"type":"binary-expr","locations":[{"start":{"line":53,"column":10},"end":{"line":53,"column":17}},{"start":{"line":53,"column":21},"end":{"line":53,"column":35}}],"line":53},"7":{"loc":{"start":{"line":140,"column":4},"end":{"line":161,"column":5}},"type":"if","locations":[{"start":{"line":140,"column":4},"end":{"line":161,"column":5}},{"start":{"line":150,"column":11},"end":{"line":161,"column":5}}],"line":140}},"s":{"0":1,"1":1,"2":10,"3":10,"4":3,"5":7,"6":6,"7":1,"8":1,"9":5,"10":5,"11":5,"12":5,"13":5,"14":3,"15":2,"16":1,"17":1,"18":1,"19":1,"20":1,"21":2,"22":2,"23":2,"24":1,"25":1,"26":1,"27":1,"28":5,"29":5,"30":5,"31":5,"32":3,"33":2,"34":2,"35":2,"36":2,"37":1,"38":1,"39":1},"f":{"0":10,"1":5,"2":5},"b":{"0":[3,7],"1":[6,1],"2":[3,2],"3":[1],"4":[3,1],"5":[1,1],"6":[2,2],"7":[3,2]},"_coverageSchema":"1a1c01bbd47fc00a2c39e90264f33305004495a9","hash":"9839d941fc084ed102ead14336da2c09c6ef3a44"}
,"/Users/shosarin/Desktop/Documents/DOCS/TGA/Exercises/Microservice E2/microservice/TGA_microservices/ms_issuehistory/src/models/issueHistory.js": {"path":"/Users/shosarin/Desktop/Documents/DOCS/TGA/Exercises/Microservice E2/microservice/TGA_microservices/ms_issuehistory/src/models/issueHistory.js","statementMap":{"0":{"start":{"line":3,"column":29},"end":{"line":3,"column":32}},"1":{"start":{"line":4,"column":27},"end":{"line":38,"column":2}},"2":{"start":{"line":40,"column":33},"end":{"line":43,"column":1}},"3":{"start":{"line":44,"column":41},"end":{"line":46,"column":1}}},"fnMap":{},"branchMap":{},"s":{"0":1,"1":1,"2":1,"3":1},"f":{},"b":{},"_coverageSchema":"1a1c01bbd47fc00a2c39e90264f33305004495a9","hash":"a688d833a9db8a8371adbdf472b3ecc3a857ac3b"}
,"/Users/shosarin/Desktop/Documents/DOCS/TGA/Exercises/Microservice E2/microservice/TGA_microservices/ms_issuehistory/src/routes/issueHistory.js": {"path":"/Users/shosarin/Desktop/Documents/DOCS/TGA/Exercises/Microservice E2/microservice/TGA_microservices/ms_issuehistory/src/routes/issueHistory.js","statementMap":{"0":{"start":{"line":6,"column":27},"end":{"line":10,"column":1}},"1":{"start":{"line":7,"column":2},"end":{"line":7,"column":52}},"2":{"start":{"line":8,"column":2},"end":{"line":8,"column":57}},"3":{"start":{"line":9,"column":2},"end":{"line":9,"column":56}}},"fnMap":{"0":{"name":"(anonymous_0)","decl":{"start":{"line":6,"column":27},"end":{"line":6,"column":28}},"loc":{"start":{"line":6,"column":36},"end":{"line":10,"column":1}},"line":6}},"branchMap":{},"s":{"0":1,"1":1,"2":1,"3":1},"f":{"0":1},"b":{},"_coverageSchema":"1a1c01bbd47fc00a2c39e90264f33305004495a9","hash":"3e0f09274444eb03cf75c34a095382ad873cc189"}
,"/Users/shosarin/Desktop/Documents/DOCS/TGA/Exercises/Microservice E2/microservice/TGA_microservices/ms_issuehistory/src/utils/logger.js": {"path":"/Users/shosarin/Desktop/Documents/DOCS/TGA/Exercises/Microservice E2/microservice/TGA_microservices/ms_issuehistory/src/utils/logger.js","statementMap":{"0":{"start":{"line":5,"column":56},"end":{"line":5,"column":62}},"1":{"start":{"line":6,"column":23},"end":{"line":6,"column":33}},"2":{"start":{"line":12,"column":24},"end":{"line":34,"column":1}},"3":{"start":{"line":35,"column":0},"end":{"line":35,"column":34}},"4":{"start":{"line":39,"column":17},"end":{"line":39,"column":21}},"5":{"start":{"line":40,"column":4},"end":{"line":40,"column":29}},"6":{"start":{"line":41,"column":4},"end":{"line":41,"column":34}},"7":{"start":{"line":42,"column":29},"end":{"line":42,"column":33}},"8":{"start":{"line":44,"column":4},"end":{"line":56,"column":6}},"9":{"start":{"line":58,"column":4},"end":{"line":67,"column":35}},"10":{"start":{"line":71,"column":4},"end":{"line":71,"column":52}},"11":{"start":{"line":81,"column":17},"end":{"line":81,"column":21}},"12":{"start":{"line":83,"column":22},"end":{"line":93,"column":6}},"13":{"start":{"line":85,"column":6},"end":{"line":87,"column":7}},"14":{"start":{"line":86,"column":8},"end":{"line":86,"column":65}},"15":{"start":{"line":89,"column":27},"end":{"line":89,"column":61}},"16":{"start":{"line":90,"column":23},"end":{"line":90,"column":67}},"17":{"start":{"line":92,"column":6},"end":{"line":92,"column":69}},"18":{"start":{"line":95,"column":4},"end":{"line":103,"column":7}},"19":{"start":{"line":106,"column":18},"end":{"line":106,"column":47}}},"fnMap":{"0":{"name":"(anonymous_0)","decl":{"start":{"line":38,"column":2},"end":{"line":38,"column":3}},"loc":{"start":{"line":38,"column":52},"end":{"line":68,"column":3}},"line":38},"1":{"name":"(anonymous_1)","decl":{"start":{"line":70,"column":2},"end":{"line":70,"column":3}},"loc":{"start":{"line":70,"column":32},"end":{"line":72,"column":3}},"line":70},"2":{"name":"(anonymous_2)","decl":{"start":{"line":80,"column":2},"end":{"line":80,"column":3}},"loc":{"start":{"line":80,"column":14},"end":{"line":104,"column":3}},"line":80},"3":{"name":"(anonymous_3)","decl":{"start":{"line":83,"column":29},"end":{"line":83,"column":30}},"loc":{"start":{"line":83,"column":78},"end":{"line":93,"column":5}},"line":83}},"branchMap":{"0":{"loc":{"start":{"line":38,"column":14},"end":{"line":38,"column":50}},"type":"default-arg","locations":[{"start":{"line":38,"column":48},"end":{"line":38,"column":50}}],"line":38},"1":{"loc":{"start":{"line":38,"column":16},"end":{"line":38,"column":43}},"type":"default-arg","locations":[{"start":{"line":38,"column":27},"end":{"line":38,"column":43}}],"line":38},"2":{"loc":{"start":{"line":46,"column":10},"end":{"line":55,"column":12}},"type":"cond-expr","locations":[{"start":{"line":47,"column":10},"end":{"line":54,"column":11}},{"start":{"line":55,"column":10},"end":{"line":55,"column":12}}],"line":46},"3":{"loc":{"start":{"line":58,"column":29},"end":{"line":67,"column":34}},"type":"cond-expr","locations":[{"start":{"line":59,"column":8},"end":{"line":66,"column":9}},{"start":{"line":67,"column":8},"end":{"line":67,"column":34}}],"line":58},"4":{"loc":{"start":{"line":85,"column":6},"end":{"line":87,"column":7}},"type":"if","locations":[{"start":{"line":85,"column":6},"end":{"line":87,"column":7}},{"start":{},"end":{}}],"line":85},"5":{"loc":{"start":{"line":96,"column":13},"end":{"line":96,"column":44}},"type":"binary-expr","locations":[{"start":{"line":96,"column":13},"end":{"line":96,"column":34}},{"start":{"line":96,"column":38},"end":{"line":96,"column":44}}],"line":96}},"s":{"0":1,"1":1,"2":1,"3":1,"4":1,"5":1,"6":1,"7":1,"8":1,"9":1,"10":26,"11":1,"12":1,"13":13,"14":0,"15":13,"16":13,"17":13,"18":1,"19":1},"f":{"0":1,"1":26,"2":1,"3":13},"b":{"0":[1],"1":[1],"2":[1,0],"3":[1,0],"4":[0,13],"5":[1,1]},"_coverageSchema":"1a1c01bbd47fc00a2c39e90264f33305004495a9","hash":"dcdf6fbac1182f1de0275319eb3e347e62746be3"}
}
