TN:
SF:src/app.js
FN:24,(anonymous_0)
FN:29,(anonymous_1)
FNF:2
FNH:1
FNDA:1,(anonymous_0)
FNDA:0,(anonymous_1)
DA:9,1
DA:12,1
DA:13,1
DA:14,1
DA:15,1
DA:16,1
DA:18,1
DA:20,1
DA:21,1
DA:24,1
DA:25,1
DA:29,1
DA:31,0
DA:32,0
DA:35,0
DA:36,0
LF:16
LH:12
BRDA:10,0,0,1
BRDA:10,0,1,0
BRDA:32,1,0,0
BRDA:32,1,1,0
BRDA:35,2,0,0
BRDA:35,2,1,0
BRF:6
BRH:1
end_of_record
TN:
SF:src/config/error.js
FNF:0
FNH:0
DA:1,1
LF:1
LH:1
BRF:0
BRH:0
end_of_record
TN:
SF:src/config/swagger.js
FNF:0
FNH:0
LF:0
LH:0
BRF:0
BRH:0
end_of_record
TN:
SF:src/controller/issueHistory.js
FN:6,(anonymous_0)
FN:45,(anonymous_1)
FN:116,(anonymous_2)
FN:122,(anonymous_3)
FNF:4
FNH:2
FNDA:3,(anonymous_0)
FNDA:3,(anonymous_1)
FNDA:0,(anonymous_2)
FNDA:0,(anonymous_3)
DA:5,1
DA:6,1
DA:7,3
DA:8,3
DA:9,1
DA:12,2
DA:13,2
DA:16,0
DA:45,1
DA:46,3
DA:47,3
DA:48,3
DA:49,3
DA:50,3
DA:51,2
DA:52,0
DA:53,0
DA:54,0
DA:59,0
DA:60,0
DA:61,0
DA:69,1
DA:70,1
DA:72,1
DA:80,2
DA:82,2
DA:84,2
DA:116,1
DA:117,0
DA:118,0
DA:119,0
DA:120,0
DA:121,0
DA:122,0
DA:123,0
DA:124,0
DA:125,0
DA:126,0
DA:131,0
DA:132,0
DA:133,0
DA:134,0
DA:141,0
DA:143,0
DA:145,0
LF:45
LH:21
BRDA:8,0,0,1
BRDA:8,0,1,2
BRDA:12,1,0,2
BRDA:12,1,1,0
BRDA:50,2,0,2
BRDA:50,2,1,1
BRDA:52,3,0,0
BRDA:52,3,1,0
BRDA:52,4,0,0
BRDA:52,4,1,0
BRDA:123,5,0,0
BRDA:123,5,1,0
BRDA:131,6,0,0
BRDA:131,6,1,0
BRF:14
BRH:5
end_of_record
TN:
SF:src/models/issueHistory.js
FNF:0
FNH:0
DA:3,1
DA:4,1
DA:38,1
DA:39,1
LF:4
LH:4
BRF:0
BRH:0
end_of_record
TN:
SF:src/routes/issueHistory.js
FN:6,(anonymous_0)
FNF:1
FNH:1
FNDA:1,(anonymous_0)
DA:6,1
DA:7,1
DA:8,1
LF:3
LH:3
BRF:0
BRH:0
end_of_record
TN:
SF:src/utils/logger.js
FN:38,(anonymous_0)
FN:70,(anonymous_1)
FN:80,(anonymous_2)
FN:83,(anonymous_3)
FNF:4
FNH:4
FNDA:1,(anonymous_0)
FNDA:12,(anonymous_1)
FNDA:1,(anonymous_2)
FNDA:6,(anonymous_3)
DA:5,1
DA:6,1
DA:12,1
DA:35,1
DA:39,1
DA:40,1
DA:41,1
DA:42,1
DA:44,1
DA:58,1
DA:71,12
DA:81,1
DA:83,1
DA:85,6
DA:86,0
DA:89,6
DA:90,6
DA:92,6
DA:95,1
DA:106,1
LF:20
LH:19
BRDA:38,0,0,1
BRDA:38,1,0,1
BRDA:46,2,0,1
BRDA:46,2,1,0
BRDA:58,3,0,1
BRDA:58,3,1,0
BRDA:85,4,0,0
BRDA:85,4,1,6
BRDA:96,5,0,1
BRDA:96,5,1,1
BRF:10
BRH:7
end_of_record
