TN:
SF:src/app.js
FN:24,(anonymous_0)
FN:29,(anonymous_1)
FNF:2
FNH:1
FNDA:1,(anonymous_0)
FNDA:0,(anonymous_1)
DA:9,1
DA:12,1
DA:13,1
DA:14,1
DA:15,1
DA:16,1
DA:18,1
DA:20,1
DA:21,1
DA:24,1
DA:25,1
DA:29,1
DA:31,0
DA:32,0
DA:35,0
DA:36,0
LF:16
LH:12
BRDA:10,0,0,1
BRDA:10,0,1,0
BRDA:32,1,0,0
BRDA:32,1,1,0
BRDA:35,2,0,0
BRDA:35,2,1,0
BRF:6
BRH:1
end_of_record
TN:
SF:src/config/error.js
FNF:0
FNH:0
DA:1,1
LF:1
LH:1
BRF:0
BRH:0
end_of_record
TN:
SF:src/config/swagger.js
FNF:0
FNH:0
LF:0
LH:0
BRF:0
BRH:0
end_of_record
TN:
SF:src/controller/issueHistory.js
FN:6,(anonymous_0)
FN:45,(anonymous_1)
FN:134,(anonymous_2)
FNF:3
FNH:3
FNDA:10,(anonymous_0)
FNDA:5,(anonymous_1)
FNDA:5,(anonymous_2)
DA:5,1
DA:6,1
DA:7,10
DA:8,10
DA:9,3
DA:12,7
DA:13,6
DA:16,1
DA:45,1
DA:46,5
DA:47,5
DA:48,5
DA:49,5
DA:50,5
DA:52,3
DA:53,2
DA:54,1
DA:55,1
DA:60,1
DA:61,1
DA:62,1
DA:70,2
DA:71,2
DA:73,2
DA:81,1
DA:83,1
DA:85,1
DA:134,1
DA:135,5
DA:138,5
DA:139,5
DA:140,5
DA:141,3
DA:146,2
DA:151,2
DA:154,2
DA:155,2
DA:163,1
DA:165,1
DA:167,1
LF:40
LH:40
BRDA:8,0,0,3
BRDA:8,0,1,7
BRDA:12,1,0,6
BRDA:12,1,1,1
BRDA:50,2,0,3
BRDA:50,2,1,2
BRDA:51,3,0,1
BRDA:52,4,0,3
BRDA:52,4,1,1
BRDA:53,5,0,1
BRDA:53,5,1,1
BRDA:53,6,0,2
BRDA:53,6,1,2
BRDA:140,7,0,3
BRDA:140,7,1,2
BRF:15
BRH:15
end_of_record
TN:
SF:src/models/issueHistory.js
FNF:0
FNH:0
DA:3,1
DA:4,1
DA:40,1
DA:44,1
LF:4
LH:4
BRF:0
BRH:0
end_of_record
TN:
SF:src/routes/issueHistory.js
FN:6,(anonymous_0)
FNF:1
FNH:1
FNDA:1,(anonymous_0)
DA:6,1
DA:7,1
DA:8,1
DA:9,1
LF:4
LH:4
BRF:0
BRH:0
end_of_record
TN:
SF:src/utils/logger.js
FN:38,(anonymous_0)
FN:70,(anonymous_1)
FN:80,(anonymous_2)
FN:83,(anonymous_3)
FNF:4
FNH:4
FNDA:1,(anonymous_0)
FNDA:26,(anonymous_1)
FNDA:1,(anonymous_2)
FNDA:13,(anonymous_3)
DA:5,1
DA:6,1
DA:12,1
DA:35,1
DA:39,1
DA:40,1
DA:41,1
DA:42,1
DA:44,1
DA:58,1
DA:71,26
DA:81,1
DA:83,1
DA:85,13
DA:86,0
DA:89,13
DA:90,13
DA:92,13
DA:95,1
DA:106,1
LF:20
LH:19
BRDA:38,0,0,1
BRDA:38,1,0,1
BRDA:46,2,0,1
BRDA:46,2,1,0
BRDA:58,3,0,1
BRDA:58,3,1,0
BRDA:85,4,0,0
BRDA:85,4,1,13
BRDA:96,5,0,1
BRDA:96,5,1,1
BRF:10
BRH:7
end_of_record
