<?xml version="1.0" encoding="UTF-8"?>
<coverage generated="1651781220539" clover="3.2.0">
  <project timestamp="1651781220539" name="All files">
    <metrics statements="172" coveredstatements="167" conditionals="52" coveredconditionals="44" methods="17" coveredmethods="16" elements="241" coveredelements="227" complexity="0" loc="172" ncloc="172" packages="6" files="7" classes="7"/>
    <package name="src">
      <metrics statements="16" coveredstatements="12" conditionals="6" coveredconditionals="1" methods="2" coveredmethods="1"/>
      <file name="app.js" path="/Users/shosarin/Desktop/Documents/DOCS/TGA/Exercises/Microservice E2/microservice/TGA_microservices/ms_issue/src/app.js">
        <metrics statements="16" coveredstatements="12" conditionals="6" coveredconditionals="1" methods="2" coveredmethods="1"/>
        <line num="9" count="1" type="stmt"/>
        <line num="12" count="1" type="stmt"/>
        <line num="13" count="1" type="stmt"/>
        <line num="14" count="1" type="stmt"/>
        <line num="15" count="1" type="stmt"/>
        <line num="16" count="1" type="stmt"/>
        <line num="18" count="1" type="stmt"/>
        <line num="20" count="1" type="stmt"/>
        <line num="21" count="1" type="stmt"/>
        <line num="24" count="1" type="stmt"/>
        <line num="25" count="3" type="stmt"/>
        <line num="29" count="1" type="stmt"/>
        <line num="31" count="0" type="stmt"/>
        <line num="32" count="0" type="cond" truecount="0" falsecount="2"/>
        <line num="35" count="0" type="cond" truecount="0" falsecount="2"/>
        <line num="36" count="0" type="stmt"/>
      </file>
    </package>
    <package name="src.config">
      <metrics statements="1" coveredstatements="1" conditionals="0" coveredconditionals="0" methods="0" coveredmethods="0"/>
      <file name="error.js" path="/Users/shosarin/Desktop/Documents/DOCS/TGA/Exercises/Microservice E2/microservice/TGA_microservices/ms_issue/src/config/error.js">
        <metrics statements="1" coveredstatements="1" conditionals="0" coveredconditionals="0" methods="0" coveredmethods="0"/>
        <line num="1" count="1" type="stmt"/>
      </file>
      <file name="swagger.js" path="/Users/shosarin/Desktop/Documents/DOCS/TGA/Exercises/Microservice E2/microservice/TGA_microservices/ms_issue/src/config/swagger.js">
        <metrics statements="0" coveredstatements="0" conditionals="0" coveredconditionals="0" methods="0" coveredmethods="0"/>
      </file>
    </package>
    <package name="src.controller">
      <metrics statements="123" coveredstatements="123" conditionals="36" coveredconditionals="36" methods="10" coveredmethods="10"/>
      <file name="issue.js" path="/Users/shosarin/Desktop/Documents/DOCS/TGA/Exercises/Microservice E2/microservice/TGA_microservices/ms_issue/src/controller/issue.js">
        <metrics statements="123" coveredstatements="123" conditionals="36" coveredconditionals="36" methods="10" coveredmethods="10"/>
        <line num="6" count="1" type="stmt"/>
        <line num="8" count="1" type="stmt"/>
        <line num="10" count="1" type="stmt"/>
        <line num="11" count="1" type="stmt"/>
        <line num="29" count="1" type="stmt"/>
        <line num="33" count="1" type="stmt"/>
        <line num="42" count="1" type="stmt"/>
        <line num="44" count="2" type="stmt"/>
        <line num="45" count="2" type="stmt"/>
        <line num="57" count="2" type="stmt"/>
        <line num="91" count="1" type="stmt"/>
        <line num="92" count="7" type="stmt"/>
        <line num="93" count="7" type="stmt"/>
        <line num="94" count="7" type="stmt"/>
        <line num="95" count="7" type="cond" truecount="2" falsecount="0"/>
        <line num="96" count="3" type="stmt"/>
        <line num="98" count="7" type="cond" truecount="2" falsecount="0"/>
        <line num="99" count="2" type="stmt"/>
        <line num="101" count="7" type="stmt"/>
        <line num="102" count="7" type="stmt"/>
        <line num="103" count="6" type="stmt"/>
        <line num="104" count="6" type="cond" truecount="4" falsecount="0"/>
        <line num="105" count="5" type="stmt"/>
        <line num="110" count="1" type="stmt"/>
        <line num="111" count="1" type="stmt"/>
        <line num="119" count="1" type="stmt"/>
        <line num="120" count="1" type="stmt"/>
        <line num="127" count="1" type="stmt"/>
        <line num="128" count="14" type="stmt"/>
        <line num="129" count="14" type="cond" truecount="2" falsecount="0"/>
        <line num="130" count="3" type="stmt"/>
        <line num="133" count="11" type="cond" truecount="2" falsecount="0"/>
        <line num="134" count="10" type="stmt"/>
        <line num="137" count="1" type="stmt"/>
        <line num="166" count="1" type="stmt"/>
        <line num="167" count="5" type="stmt"/>
        <line num="168" count="5" type="stmt"/>
        <line num="169" count="5" type="stmt"/>
        <line num="170" count="5" type="stmt"/>
        <line num="171" count="5" type="cond" truecount="2" falsecount="0"/>
        <line num="172" count="3" type="stmt"/>
        <line num="173" count="2" type="cond" truecount="4" falsecount="0"/>
        <line num="174" count="1" type="stmt"/>
        <line num="175" count="1" type="stmt"/>
        <line num="180" count="1" type="stmt"/>
        <line num="181" count="1" type="stmt"/>
        <line num="183" count="1" type="stmt"/>
        <line num="191" count="2" type="stmt"/>
        <line num="192" count="2" type="stmt"/>
        <line num="194" count="2" type="stmt"/>
        <line num="202" count="1" type="stmt"/>
        <line num="204" count="1" type="stmt"/>
        <line num="206" count="1" type="stmt"/>
        <line num="238" count="1" type="stmt"/>
        <line num="239" count="3" type="stmt"/>
        <line num="240" count="3" type="stmt"/>
        <line num="241" count="3" type="stmt"/>
        <line num="242" count="3" type="stmt"/>
        <line num="243" count="3" type="stmt"/>
        <line num="244" count="3" type="stmt"/>
        <line num="245" count="2" type="cond" truecount="2" falsecount="0"/>
        <line num="246" count="1" type="stmt"/>
        <line num="247" count="1" type="stmt"/>
        <line num="248" count="1" type="stmt"/>
        <line num="254" count="1" type="stmt"/>
        <line num="255" count="1" type="stmt"/>
        <line num="256" count="1" type="stmt"/>
        <line num="257" count="1" type="stmt"/>
        <line num="258" count="1" type="stmt"/>
        <line num="265" count="1" type="stmt"/>
        <line num="267" count="1" type="stmt"/>
        <line num="269" count="1" type="stmt"/>
        <line num="305" count="1" type="stmt"/>
        <line num="306" count="5" type="stmt"/>
        <line num="307" count="5" type="stmt"/>
        <line num="308" count="5" type="stmt"/>
        <line num="309" count="5" type="stmt"/>
        <line num="310" count="5" type="stmt"/>
        <line num="311" count="5" type="stmt"/>
        <line num="312" count="5" type="stmt"/>
        <line num="313" count="5" type="cond" truecount="2" falsecount="0"/>
        <line num="314" count="1" type="stmt"/>
        <line num="315" count="1" type="stmt"/>
        <line num="316" count="1" type="stmt"/>
        <line num="322" count="1" type="stmt"/>
        <line num="324" count="4" type="stmt"/>
        <line num="327" count="3" type="stmt"/>
        <line num="328" count="3" type="cond" truecount="2" falsecount="0"/>
        <line num="329" count="2" type="stmt"/>
        <line num="330" count="16" type="cond" truecount="2" falsecount="0"/>
        <line num="331" count="1" type="stmt"/>
        <line num="337" count="1" type="stmt"/>
        <line num="338" count="1" type="stmt"/>
        <line num="341" count="2" type="cond" truecount="2" falsecount="0"/>
        <line num="342" count="1" type="stmt"/>
        <line num="344" count="1" type="stmt"/>
        <line num="346" count="2" type="stmt"/>
        <line num="347" count="2" type="stmt"/>
        <line num="350" count="1" type="stmt"/>
        <line num="352" count="1" type="stmt"/>
        <line num="353" count="1" type="stmt"/>
        <line num="360" count="1" type="stmt"/>
        <line num="362" count="1" type="stmt"/>
        <line num="364" count="1" type="stmt"/>
        <line num="394" count="1" type="stmt"/>
        <line num="395" count="4" type="stmt"/>
        <line num="398" count="4" type="stmt"/>
        <line num="399" count="4" type="stmt"/>
        <line num="400" count="4" type="cond" truecount="2" falsecount="0"/>
        <line num="401" count="1" type="stmt"/>
        <line num="402" count="1" type="stmt"/>
        <line num="403" count="1" type="stmt"/>
        <line num="409" count="1" type="stmt"/>
        <line num="411" count="3" type="stmt"/>
        <line num="414" count="2" type="cond" truecount="4" falsecount="0"/>
        <line num="415" count="1" type="stmt"/>
        <line num="416" count="1" type="stmt"/>
        <line num="418" count="1" type="stmt"/>
        <line num="420" count="1" type="stmt"/>
        <line num="421" count="1" type="stmt"/>
        <line num="428" count="1" type="stmt"/>
        <line num="430" count="1" type="stmt"/>
        <line num="432" count="1" type="stmt"/>
      </file>
    </package>
    <package name="src.models">
      <metrics statements="6" coveredstatements="6" conditionals="0" coveredconditionals="0" methods="0" coveredmethods="0"/>
      <file name="issue.js" path="/Users/shosarin/Desktop/Documents/DOCS/TGA/Exercises/Microservice E2/microservice/TGA_microservices/ms_issue/src/models/issue.js">
        <metrics statements="6" coveredstatements="6" conditionals="0" coveredconditionals="0" methods="0" coveredmethods="0"/>
        <line num="4" count="1" type="stmt"/>
        <line num="5" count="1" type="stmt"/>
        <line num="6" count="1" type="stmt"/>
        <line num="54" count="1" type="stmt"/>
        <line num="55" count="1" type="stmt"/>
        <line num="56" count="1" type="stmt"/>
      </file>
    </package>
    <package name="src.routes">
      <metrics statements="6" coveredstatements="6" conditionals="0" coveredconditionals="0" methods="1" coveredmethods="1"/>
      <file name="issue.js" path="/Users/shosarin/Desktop/Documents/DOCS/TGA/Exercises/Microservice E2/microservice/TGA_microservices/ms_issue/src/routes/issue.js">
        <metrics statements="6" coveredstatements="6" conditionals="0" coveredconditionals="0" methods="1" coveredmethods="1"/>
        <line num="9" count="1" type="stmt"/>
        <line num="10" count="1" type="stmt"/>
        <line num="11" count="1" type="stmt"/>
        <line num="12" count="1" type="stmt"/>
        <line num="13" count="1" type="stmt"/>
        <line num="14" count="1" type="stmt"/>
      </file>
    </package>
    <package name="src.utils">
      <metrics statements="20" coveredstatements="19" conditionals="10" coveredconditionals="7" methods="4" coveredmethods="4"/>
      <file name="logger.js" path="/Users/shosarin/Desktop/Documents/DOCS/TGA/Exercises/Microservice E2/microservice/TGA_microservices/ms_issue/src/utils/logger.js">
        <metrics statements="20" coveredstatements="19" conditionals="10" coveredconditionals="7" methods="4" coveredmethods="4"/>
        <line num="5" count="1" type="stmt"/>
        <line num="6" count="1" type="stmt"/>
        <line num="12" count="1" type="stmt"/>
        <line num="35" count="1" type="stmt"/>
        <line num="39" count="1" type="stmt"/>
        <line num="40" count="1" type="stmt"/>
        <line num="41" count="1" type="stmt"/>
        <line num="42" count="1" type="stmt"/>
        <line num="44" count="1" type="stmt"/>
        <line num="58" count="1" type="cond" truecount="1" falsecount="1"/>
        <line num="71" count="76" type="stmt"/>
        <line num="81" count="1" type="stmt"/>
        <line num="83" count="1" type="stmt"/>
        <line num="85" count="38" type="cond" truecount="1" falsecount="1"/>
        <line num="86" count="0" type="stmt"/>
        <line num="89" count="38" type="stmt"/>
        <line num="90" count="38" type="stmt"/>
        <line num="92" count="38" type="stmt"/>
        <line num="95" count="1" type="stmt"/>
        <line num="106" count="1" type="stmt"/>
      </file>
    </package>
  </project>
</coverage>
