{"/Users/shosarin/Desktop/Documents/DOCS/TGA/Exercises/Microservice E2/microservice/TGA_microservices/ms_issue/src/app.js": {"path":"/Users/shosarin/Desktop/Documents/DOCS/TGA/Exercises/Microservice E2/microservice/TGA_microservices/ms_issue/src/app.js","statementMap":{"0":{"start":{"line":9,"column":0},"end":{"line":11,"column":2}},"1":{"start":{"line":12,"column":12},"end":{"line":12,"column":21}},"2":{"start":{"line":13,"column":0},"end":{"line":13,"column":24}},"3":{"start":{"line":14,"column":0},"end":{"line":14,"column":49}},"4":{"start":{"line":15,"column":0},"end":{"line":15,"column":24}},"5":{"start":{"line":16,"column":0},"end":{"line":16,"column":28}},"6":{"start":{"line":18,"column":20},"end":{"line":18,"column":48}},"7":{"start":{"line":20,"column":0},"end":{"line":20,"column":68}},"8":{"start":{"line":21,"column":0},"end":{"line":21,"column":17}},"9":{"start":{"line":24,"column":0},"end":{"line":26,"column":3}},"10":{"start":{"line":25,"column":2},"end":{"line":25,"column":25}},"11":{"start":{"line":29,"column":0},"end":{"line":37,"column":3}},"12":{"start":{"line":31,"column":2},"end":{"line":31,"column":35}},"13":{"start":{"line":32,"column":2},"end":{"line":32,"column":69}},"14":{"start":{"line":35,"column":2},"end":{"line":35,"column":32}},"15":{"start":{"line":36,"column":2},"end":{"line":36,"column":22}}},"fnMap":{"0":{"name":"(anonymous_0)","decl":{"start":{"line":24,"column":8},"end":{"line":24,"column":9}},"loc":{"start":{"line":24,"column":34},"end":{"line":26,"column":1}},"line":24},"1":{"name":"(anonymous_1)","decl":{"start":{"line":29,"column":8},"end":{"line":29,"column":9}},"loc":{"start":{"line":29,"column":33},"end":{"line":37,"column":1}},"line":29}},"branchMap":{"0":{"loc":{"start":{"line":10,"column":2},"end":{"line":10,"column":72}},"type":"cond-expr","locations":[{"start":{"line":10,"column":36},"end":{"line":10,"column":49}},{"start":{"line":10,"column":52},"end":{"line":10,"column":72}}],"line":10},"1":{"loc":{"start":{"line":32,"column":21},"end":{"line":32,"column":68}},"type":"cond-expr","locations":[{"start":{"line":32,"column":60},"end":{"line":32,"column":63}},{"start":{"line":32,"column":66},"end":{"line":32,"column":68}}],"line":32},"2":{"loc":{"start":{"line":35,"column":13},"end":{"line":35,"column":30}},"type":"binary-expr","locations":[{"start":{"line":35,"column":13},"end":{"line":35,"column":23}},{"start":{"line":35,"column":27},"end":{"line":35,"column":30}}],"line":35}},"s":{"0":1,"1":1,"2":1,"3":1,"4":1,"5":1,"6":1,"7":1,"8":1,"9":1,"10":3,"11":1,"12":0,"13":0,"14":0,"15":0},"f":{"0":3,"1":0},"b":{"0":[1,0],"1":[0,0],"2":[0,0]},"_coverageSchema":"1a1c01bbd47fc00a2c39e90264f33305004495a9","hash":"bdcb227b4d45f30ad95f21055e3d9a3ee5d54cdd"}
,"/Users/shosarin/Desktop/Documents/DOCS/TGA/Exercises/Microservice E2/microservice/TGA_microservices/ms_issue/src/config/error.js": {"path":"/Users/shosarin/Desktop/Documents/DOCS/TGA/Exercises/Microservice E2/microservice/TGA_microservices/ms_issue/src/config/error.js","statementMap":{"0":{"start":{"line":1,"column":26},"end":{"line":34,"column":1}}},"fnMap":{},"branchMap":{},"s":{"0":1},"f":{},"b":{},"_coverageSchema":"1a1c01bbd47fc00a2c39e90264f33305004495a9","hash":"46adc80597200a561c3ee23c332e9146bfb2f2c8"}
,"/Users/shosarin/Desktop/Documents/DOCS/TGA/Exercises/Microservice E2/microservice/TGA_microservices/ms_issue/src/config/swagger.js": {"path":"/Users/shosarin/Desktop/Documents/DOCS/TGA/Exercises/Microservice E2/microservice/TGA_microservices/ms_issue/src/config/swagger.js","statementMap":{},"fnMap":{},"branchMap":{},"s":{},"f":{},"b":{},"_coverageSchema":"1a1c01bbd47fc00a2c39e90264f33305004495a9","hash":"16d5176a2eb088c162a4b18e69bf3797a952612e"}
,"/Users/shosarin/Desktop/Documents/DOCS/TGA/Exercises/Microservice E2/microservice/TGA_microservices/ms_issue/src/controller/issue.js": {"path":"/Users/shosarin/Desktop/Documents/DOCS/TGA/Exercises/Microservice E2/microservice/TGA_microservices/ms_issue/src/controller/issue.js","statementMap":{"0":{"start":{"line":4,"column":28},"end":{"line":4,"column":38}},"1":{"start":{"line":35,"column":25},"end":{"line":69,"column":1}},"2":{"start":{"line":36,"column":2},"end":{"line":68,"column":3}},"3":{"start":{"line":37,"column":30},"end":{"line":37,"column":39}},"4":{"start":{"line":38,"column":23},"end":{"line":38,"column":25}},"5":{"start":{"line":39,"column":4},"end":{"line":41,"column":5}},"6":{"start":{"line":40,"column":6},"end":{"line":40,"column":35}},"7":{"start":{"line":42,"column":4},"end":{"line":44,"column":5}},"8":{"start":{"line":43,"column":6},"end":{"line":43,"column":34}},"9":{"start":{"line":45,"column":4},"end":{"line":45,"column":44}},"10":{"start":{"line":46,"column":17},"end":{"line":46,"column":50}},"11":{"start":{"line":47,"column":4},"end":{"line":47,"column":46}},"12":{"start":{"line":48,"column":4},"end":{"line":61,"column":5}},"13":{"start":{"line":49,"column":6},"end":{"line":52,"column":9}},"14":{"start":{"line":54,"column":34},"end":{"line":54,"column":65}},"15":{"start":{"line":55,"column":6},"end":{"line":60,"column":9}},"16":{"start":{"line":63,"column":4},"end":{"line":63,"column":42}},"17":{"start":{"line":64,"column":4},"end":{"line":67,"column":7}},"18":{"start":{"line":71,"column":25},"end":{"line":82,"column":1}},"19":{"start":{"line":72,"column":16},"end":{"line":72,"column":33}},"20":{"start":{"line":73,"column":2},"end":{"line":75,"column":3}},"21":{"start":{"line":74,"column":4},"end":{"line":74,"column":17}},"22":{"start":{"line":77,"column":2},"end":{"line":79,"column":3}},"23":{"start":{"line":78,"column":4},"end":{"line":78,"column":19}},"24":{"start":{"line":81,"column":2},"end":{"line":81,"column":15}},"25":{"start":{"line":110,"column":28},"end":{"line":156,"column":1}},"26":{"start":{"line":111,"column":2},"end":{"line":155,"column":3}},"27":{"start":{"line":112,"column":26},"end":{"line":112,"column":36}},"28":{"start":{"line":113,"column":4},"end":{"line":113,"column":40}},"29":{"start":{"line":114,"column":4},"end":{"line":114,"column":38}},"30":{"start":{"line":115,"column":4},"end":{"line":144,"column":5}},"31":{"start":{"line":116,"column":19},"end":{"line":116,"column":56}},"32":{"start":{"line":117,"column":6},"end":{"line":133,"column":7}},"33":{"start":{"line":118,"column":8},"end":{"line":118,"column":39}},"34":{"start":{"line":119,"column":8},"end":{"line":122,"column":11}},"35":{"start":{"line":124,"column":8},"end":{"line":124,"column":40}},"36":{"start":{"line":125,"column":36},"end":{"line":125,"column":63}},"37":{"start":{"line":127,"column":8},"end":{"line":132,"column":11}},"38":{"start":{"line":135,"column":6},"end":{"line":135,"column":66}},"39":{"start":{"line":136,"column":34},"end":{"line":136,"column":61}},"40":{"start":{"line":138,"column":6},"end":{"line":143,"column":9}},"41":{"start":{"line":146,"column":4},"end":{"line":146,"column":47}},"42":{"start":{"line":148,"column":32},"end":{"line":148,"column":62}},"43":{"start":{"line":150,"column":4},"end":{"line":154,"column":7}},"44":{"start":{"line":182,"column":27},"end":{"line":217,"column":1}},"45":{"start":{"line":183,"column":2},"end":{"line":216,"column":3}},"46":{"start":{"line":184,"column":32},"end":{"line":184,"column":35}},"47":{"start":{"line":185,"column":4},"end":{"line":185,"column":28}},"48":{"start":{"line":186,"column":4},"end":{"line":186,"column":34}},"49":{"start":{"line":187,"column":21},"end":{"line":187,"column":46}},"50":{"start":{"line":188,"column":4},"end":{"line":205,"column":7}},"51":{"start":{"line":189,"column":6},"end":{"line":204,"column":7}},"52":{"start":{"line":190,"column":36},"end":{"line":190,"column":63}},"53":{"start":{"line":191,"column":8},"end":{"line":191,"column":65}},"54":{"start":{"line":192,"column":8},"end":{"line":196,"column":11}},"55":{"start":{"line":197,"column":13},"end":{"line":204,"column":7}},"56":{"start":{"line":198,"column":8},"end":{"line":198,"column":50}},"57":{"start":{"line":199,"column":8},"end":{"line":199,"column":26}},"58":{"start":{"line":200,"column":8},"end":{"line":203,"column":11}},"59":{"start":{"line":207,"column":4},"end":{"line":207,"column":53}},"60":{"start":{"line":209,"column":32},"end":{"line":209,"column":62}},"61":{"start":{"line":211,"column":4},"end":{"line":215,"column":7}},"62":{"start":{"line":247,"column":27},"end":{"line":295,"column":1}},"63":{"start":{"line":248,"column":2},"end":{"line":294,"column":3}},"64":{"start":{"line":249,"column":40},"end":{"line":249,"column":43}},"65":{"start":{"line":250,"column":26},"end":{"line":250,"column":32}},"66":{"start":{"line":251,"column":4},"end":{"line":251,"column":34}},"67":{"start":{"line":252,"column":4},"end":{"line":252,"column":28}},"68":{"start":{"line":253,"column":4},"end":{"line":253,"column":32}},"69":{"start":{"line":254,"column":4},"end":{"line":254,"column":40}},"70":{"start":{"line":255,"column":4},"end":{"line":265,"column":5}},"71":{"start":{"line":256,"column":6},"end":{"line":256,"column":65}},"72":{"start":{"line":257,"column":34},"end":{"line":257,"column":61}},"73":{"start":{"line":258,"column":6},"end":{"line":263,"column":9}},"74":{"start":{"line":264,"column":6},"end":{"line":264,"column":13}},"75":{"start":{"line":266,"column":17},"end":{"line":271,"column":5}},"76":{"start":{"line":272,"column":4},"end":{"line":283,"column":5}},"77":{"start":{"line":273,"column":6},"end":{"line":273,"column":29}},"78":{"start":{"line":275,"column":34},"end":{"line":275,"column":61}},"79":{"start":{"line":277,"column":6},"end":{"line":277,"column":56}},"80":{"start":{"line":278,"column":6},"end":{"line":282,"column":9}},"81":{"start":{"line":285,"column":4},"end":{"line":285,"column":56}},"82":{"start":{"line":287,"column":32},"end":{"line":287,"column":62}},"83":{"start":{"line":289,"column":4},"end":{"line":293,"column":7}},"84":{"start":{"line":319,"column":27},"end":{"line":362,"column":1}},"85":{"start":{"line":320,"column":2},"end":{"line":361,"column":3}},"86":{"start":{"line":323,"column":8},"end":{"line":323,"column":11}},"87":{"start":{"line":324,"column":20},"end":{"line":324,"column":40}},"88":{"start":{"line":325,"column":4},"end":{"line":335,"column":5}},"89":{"start":{"line":326,"column":6},"end":{"line":326,"column":65}},"90":{"start":{"line":327,"column":34},"end":{"line":327,"column":61}},"91":{"start":{"line":328,"column":6},"end":{"line":333,"column":9}},"92":{"start":{"line":334,"column":6},"end":{"line":334,"column":13}},"93":{"start":{"line":336,"column":17},"end":{"line":338,"column":6}},"94":{"start":{"line":339,"column":4},"end":{"line":350,"column":5}},"95":{"start":{"line":340,"column":6},"end":{"line":340,"column":29}},"96":{"start":{"line":342,"column":34},"end":{"line":342,"column":61}},"97":{"start":{"line":344,"column":6},"end":{"line":344,"column":56}},"98":{"start":{"line":345,"column":6},"end":{"line":349,"column":9}},"99":{"start":{"line":352,"column":4},"end":{"line":352,"column":56}},"100":{"start":{"line":354,"column":32},"end":{"line":354,"column":62}},"101":{"start":{"line":356,"column":4},"end":{"line":360,"column":7}}},"fnMap":{"0":{"name":"(anonymous_0)","decl":{"start":{"line":35,"column":25},"end":{"line":35,"column":26}},"loc":{"start":{"line":35,"column":45},"end":{"line":69,"column":1}},"line":35},"1":{"name":"(anonymous_1)","decl":{"start":{"line":71,"column":25},"end":{"line":71,"column":26}},"loc":{"start":{"line":71,"column":34},"end":{"line":82,"column":1}},"line":71},"2":{"name":"(anonymous_2)","decl":{"start":{"line":110,"column":28},"end":{"line":110,"column":29}},"loc":{"start":{"line":110,"column":48},"end":{"line":156,"column":1}},"line":110},"3":{"name":"(anonymous_3)","decl":{"start":{"line":182,"column":27},"end":{"line":182,"column":28}},"loc":{"start":{"line":182,"column":47},"end":{"line":217,"column":1}},"line":182},"4":{"name":"(anonymous_4)","decl":{"start":{"line":188,"column":24},"end":{"line":188,"column":25}},"loc":{"start":{"line":188,"column":39},"end":{"line":205,"column":5}},"line":188},"5":{"name":"(anonymous_5)","decl":{"start":{"line":247,"column":27},"end":{"line":247,"column":28}},"loc":{"start":{"line":247,"column":47},"end":{"line":295,"column":1}},"line":247},"6":{"name":"(anonymous_6)","decl":{"start":{"line":319,"column":27},"end":{"line":319,"column":28}},"loc":{"start":{"line":319,"column":47},"end":{"line":362,"column":1}},"line":319}},"branchMap":{"0":{"loc":{"start":{"line":39,"column":4},"end":{"line":41,"column":5}},"type":"if","locations":[{"start":{"line":39,"column":4},"end":{"line":41,"column":5}},{"start":{},"end":{}}],"line":39},"1":{"loc":{"start":{"line":42,"column":4},"end":{"line":44,"column":5}},"type":"if","locations":[{"start":{"line":42,"column":4},"end":{"line":44,"column":5}},{"start":{},"end":{}}],"line":42},"2":{"loc":{"start":{"line":48,"column":4},"end":{"line":61,"column":5}},"type":"if","locations":[{"start":{"line":48,"column":4},"end":{"line":61,"column":5}},{"start":{"line":53,"column":11},"end":{"line":61,"column":5}}],"line":48},"3":{"loc":{"start":{"line":48,"column":8},"end":{"line":48,"column":27}},"type":"binary-expr","locations":[{"start":{"line":48,"column":8},"end":{"line":48,"column":12}},{"start":{"line":48,"column":16},"end":{"line":48,"column":27}}],"line":48},"4":{"loc":{"start":{"line":73,"column":2},"end":{"line":75,"column":3}},"type":"if","locations":[{"start":{"line":73,"column":2},"end":{"line":75,"column":3}},{"start":{},"end":{}}],"line":73},"5":{"loc":{"start":{"line":77,"column":2},"end":{"line":79,"column":3}},"type":"if","locations":[{"start":{"line":77,"column":2},"end":{"line":79,"column":3}},{"start":{},"end":{}}],"line":77},"6":{"loc":{"start":{"line":115,"column":4},"end":{"line":144,"column":5}},"type":"if","locations":[{"start":{"line":115,"column":4},"end":{"line":144,"column":5}},{"start":{"line":134,"column":11},"end":{"line":144,"column":5}}],"line":115},"7":{"loc":{"start":{"line":117,"column":6},"end":{"line":133,"column":7}},"type":"if","locations":[{"start":{"line":117,"column":6},"end":{"line":133,"column":7}},{"start":{"line":123,"column":13},"end":{"line":133,"column":7}}],"line":117},"8":{"loc":{"start":{"line":117,"column":10},"end":{"line":117,"column":30}},"type":"binary-expr","locations":[{"start":{"line":117,"column":10},"end":{"line":117,"column":14}},{"start":{"line":117,"column":18},"end":{"line":117,"column":30}}],"line":117},"9":{"loc":{"start":{"line":189,"column":6},"end":{"line":204,"column":7}},"type":"if","locations":[{"start":{"line":189,"column":6},"end":{"line":204,"column":7}},{"start":{"line":197,"column":13},"end":{"line":204,"column":7}}],"line":189},"10":{"loc":{"start":{"line":197,"column":13},"end":{"line":204,"column":7}},"type":"if","locations":[{"start":{"line":197,"column":13},"end":{"line":204,"column":7}},{"start":{},"end":{}}],"line":197},"11":{"loc":{"start":{"line":255,"column":4},"end":{"line":265,"column":5}},"type":"if","locations":[{"start":{"line":255,"column":4},"end":{"line":265,"column":5}},{"start":{},"end":{}}],"line":255},"12":{"loc":{"start":{"line":272,"column":4},"end":{"line":283,"column":5}},"type":"if","locations":[{"start":{"line":272,"column":4},"end":{"line":283,"column":5}},{"start":{"line":274,"column":11},"end":{"line":283,"column":5}}],"line":272},"13":{"loc":{"start":{"line":325,"column":4},"end":{"line":335,"column":5}},"type":"if","locations":[{"start":{"line":325,"column":4},"end":{"line":335,"column":5}},{"start":{},"end":{}}],"line":325},"14":{"loc":{"start":{"line":339,"column":4},"end":{"line":350,"column":5}},"type":"if","locations":[{"start":{"line":339,"column":4},"end":{"line":350,"column":5}},{"start":{"line":341,"column":11},"end":{"line":350,"column":5}}],"line":339},"15":{"loc":{"start":{"line":339,"column":8},"end":{"line":339,"column":33}},"type":"binary-expr","locations":[{"start":{"line":339,"column":8},"end":{"line":339,"column":12}},{"start":{"line":339,"column":16},"end":{"line":339,"column":33}}],"line":339}},"s":{"0":1,"1":1,"2":6,"3":6,"4":6,"5":6,"6":3,"7":6,"8":2,"9":6,"10":6,"11":6,"12":6,"13":5,"14":1,"15":1,"16":0,"17":0,"18":1,"19":9,"20":9,"21":3,"22":6,"23":6,"24":0,"25":1,"26":3,"27":3,"28":3,"29":3,"30":3,"31":2,"32":2,"33":1,"34":1,"35":1,"36":1,"37":1,"38":1,"39":1,"40":1,"41":0,"42":0,"43":0,"44":1,"45":2,"46":2,"47":2,"48":2,"49":2,"50":2,"51":2,"52":1,"53":1,"54":1,"55":1,"56":1,"57":1,"58":1,"59":0,"60":0,"61":0,"62":1,"63":3,"64":3,"65":3,"66":3,"67":3,"68":3,"69":3,"70":3,"71":1,"72":1,"73":1,"74":1,"75":2,"76":2,"77":1,"78":1,"79":1,"80":1,"81":0,"82":0,"83":0,"84":1,"85":3,"86":3,"87":3,"88":3,"89":1,"90":1,"91":1,"92":1,"93":2,"94":2,"95":1,"96":1,"97":1,"98":1,"99":0,"100":0,"101":0},"f":{"0":6,"1":9,"2":3,"3":2,"4":2,"5":3,"6":3},"b":{"0":[3,3],"1":[2,4],"2":[5,1],"3":[6,6],"4":[3,6],"5":[6,0],"6":[2,1],"7":[1,1],"8":[2,1],"9":[1,1],"10":[1,0],"11":[1,2],"12":[1,1],"13":[1,2],"14":[1,1],"15":[2,2]},"_coverageSchema":"1a1c01bbd47fc00a2c39e90264f33305004495a9","hash":"f4c6edc4919672b921a5816c00fcd004e5b2ede2"}
,"/Users/shosarin/Desktop/Documents/DOCS/TGA/Exercises/Microservice E2/microservice/TGA_microservices/ms_issue/src/models/issue.js": {"path":"/Users/shosarin/Desktop/Documents/DOCS/TGA/Exercises/Microservice E2/microservice/TGA_microservices/ms_issue/src/models/issue.js","statementMap":{"0":{"start":{"line":4,"column":29},"end":{"line":4,"column":32}},"1":{"start":{"line":5,"column":22},"end":{"line":5,"column":41}},"2":{"start":{"line":6,"column":20},"end":{"line":52,"column":2}},"3":{"start":{"line":54,"column":0},"end":{"line":54,"column":60}},"4":{"start":{"line":55,"column":26},"end":{"line":55,"column":63}},"5":{"start":{"line":56,"column":34},"end":{"line":58,"column":1}}},"fnMap":{},"branchMap":{},"s":{"0":1,"1":1,"2":1,"3":1,"4":1,"5":1},"f":{},"b":{},"_coverageSchema":"1a1c01bbd47fc00a2c39e90264f33305004495a9","hash":"1407d5667282f7a9652111c43166925dd962a1b0"}
,"/Users/shosarin/Desktop/Documents/DOCS/TGA/Exercises/Microservice E2/microservice/TGA_microservices/ms_issue/src/routes/issue.js": {"path":"/Users/shosarin/Desktop/Documents/DOCS/TGA/Exercises/Microservice E2/microservice/TGA_microservices/ms_issue/src/routes/issue.js","statementMap":{"0":{"start":{"line":9,"column":20},"end":{"line":15,"column":1}},"1":{"start":{"line":10,"column":2},"end":{"line":10,"column":32}},"2":{"start":{"line":11,"column":2},"end":{"line":11,"column":38}},"3":{"start":{"line":12,"column":2},"end":{"line":12,"column":34}},"4":{"start":{"line":13,"column":2},"end":{"line":13,"column":37}},"5":{"start":{"line":14,"column":2},"end":{"line":14,"column":40}}},"fnMap":{"0":{"name":"(anonymous_0)","decl":{"start":{"line":9,"column":20},"end":{"line":9,"column":21}},"loc":{"start":{"line":9,"column":29},"end":{"line":15,"column":1}},"line":9}},"branchMap":{},"s":{"0":1,"1":1,"2":1,"3":1,"4":1,"5":1},"f":{"0":1},"b":{},"_coverageSchema":"1a1c01bbd47fc00a2c39e90264f33305004495a9","hash":"d3f8b7f60578686cc3deee0310f0eccb40a5df2c"}
,"/Users/shosarin/Desktop/Documents/DOCS/TGA/Exercises/Microservice E2/microservice/TGA_microservices/ms_issue/src/utils/logger.js": {"path":"/Users/shosarin/Desktop/Documents/DOCS/TGA/Exercises/Microservice E2/microservice/TGA_microservices/ms_issue/src/utils/logger.js","statementMap":{"0":{"start":{"line":5,"column":56},"end":{"line":5,"column":62}},"1":{"start":{"line":6,"column":23},"end":{"line":6,"column":33}},"2":{"start":{"line":12,"column":24},"end":{"line":34,"column":1}},"3":{"start":{"line":35,"column":0},"end":{"line":35,"column":34}},"4":{"start":{"line":39,"column":17},"end":{"line":39,"column":21}},"5":{"start":{"line":40,"column":4},"end":{"line":40,"column":29}},"6":{"start":{"line":41,"column":4},"end":{"line":41,"column":34}},"7":{"start":{"line":42,"column":29},"end":{"line":42,"column":33}},"8":{"start":{"line":44,"column":4},"end":{"line":56,"column":6}},"9":{"start":{"line":58,"column":4},"end":{"line":67,"column":35}},"10":{"start":{"line":71,"column":4},"end":{"line":71,"column":52}},"11":{"start":{"line":81,"column":17},"end":{"line":81,"column":21}},"12":{"start":{"line":83,"column":22},"end":{"line":93,"column":6}},"13":{"start":{"line":85,"column":6},"end":{"line":87,"column":7}},"14":{"start":{"line":86,"column":8},"end":{"line":86,"column":65}},"15":{"start":{"line":89,"column":27},"end":{"line":89,"column":61}},"16":{"start":{"line":90,"column":23},"end":{"line":90,"column":67}},"17":{"start":{"line":92,"column":6},"end":{"line":92,"column":69}},"18":{"start":{"line":95,"column":4},"end":{"line":103,"column":7}},"19":{"start":{"line":106,"column":18},"end":{"line":106,"column":47}}},"fnMap":{"0":{"name":"(anonymous_0)","decl":{"start":{"line":38,"column":2},"end":{"line":38,"column":3}},"loc":{"start":{"line":38,"column":52},"end":{"line":68,"column":3}},"line":38},"1":{"name":"(anonymous_1)","decl":{"start":{"line":70,"column":2},"end":{"line":70,"column":3}},"loc":{"start":{"line":70,"column":32},"end":{"line":72,"column":3}},"line":70},"2":{"name":"(anonymous_2)","decl":{"start":{"line":80,"column":2},"end":{"line":80,"column":3}},"loc":{"start":{"line":80,"column":14},"end":{"line":104,"column":3}},"line":80},"3":{"name":"(anonymous_3)","decl":{"start":{"line":83,"column":29},"end":{"line":83,"column":30}},"loc":{"start":{"line":83,"column":78},"end":{"line":93,"column":5}},"line":83}},"branchMap":{"0":{"loc":{"start":{"line":38,"column":14},"end":{"line":38,"column":50}},"type":"default-arg","locations":[{"start":{"line":38,"column":48},"end":{"line":38,"column":50}}],"line":38},"1":{"loc":{"start":{"line":38,"column":16},"end":{"line":38,"column":43}},"type":"default-arg","locations":[{"start":{"line":38,"column":27},"end":{"line":38,"column":43}}],"line":38},"2":{"loc":{"start":{"line":46,"column":10},"end":{"line":55,"column":12}},"type":"cond-expr","locations":[{"start":{"line":47,"column":10},"end":{"line":54,"column":11}},{"start":{"line":55,"column":10},"end":{"line":55,"column":12}}],"line":46},"3":{"loc":{"start":{"line":58,"column":29},"end":{"line":67,"column":34}},"type":"cond-expr","locations":[{"start":{"line":59,"column":8},"end":{"line":66,"column":9}},{"start":{"line":67,"column":8},"end":{"line":67,"column":34}}],"line":58},"4":{"loc":{"start":{"line":85,"column":6},"end":{"line":87,"column":7}},"type":"if","locations":[{"start":{"line":85,"column":6},"end":{"line":87,"column":7}},{"start":{},"end":{}}],"line":85},"5":{"loc":{"start":{"line":96,"column":13},"end":{"line":96,"column":44}},"type":"binary-expr","locations":[{"start":{"line":96,"column":13},"end":{"line":96,"column":34}},{"start":{"line":96,"column":38},"end":{"line":96,"column":44}}],"line":96}},"s":{"0":1,"1":1,"2":1,"3":1,"4":1,"5":1,"6":1,"7":1,"8":1,"9":1,"10":50,"11":1,"12":1,"13":25,"14":0,"15":25,"16":25,"17":25,"18":1,"19":1},"f":{"0":1,"1":50,"2":1,"3":25},"b":{"0":[1],"1":[1],"2":[1,0],"3":[1,0],"4":[0,25],"5":[1,1]},"_coverageSchema":"1a1c01bbd47fc00a2c39e90264f33305004495a9","hash":"335ea8ef041ec723dbe2682fbde64968e3c4c937"}
}
