{"/Users/shosarin/Desktop/Documents/DOCS/TGA/Exercises/Microservice E2/microservice/TGA_microservices/ms_issue/src/app.js": {"path":"/Users/shosarin/Desktop/Documents/DOCS/TGA/Exercises/Microservice E2/microservice/TGA_microservices/ms_issue/src/app.js","statementMap":{"0":{"start":{"line":9,"column":0},"end":{"line":11,"column":2}},"1":{"start":{"line":12,"column":12},"end":{"line":12,"column":21}},"2":{"start":{"line":13,"column":0},"end":{"line":13,"column":24}},"3":{"start":{"line":14,"column":0},"end":{"line":14,"column":49}},"4":{"start":{"line":15,"column":0},"end":{"line":15,"column":24}},"5":{"start":{"line":16,"column":0},"end":{"line":16,"column":28}},"6":{"start":{"line":18,"column":20},"end":{"line":18,"column":48}},"7":{"start":{"line":20,"column":0},"end":{"line":20,"column":68}},"8":{"start":{"line":21,"column":0},"end":{"line":21,"column":17}},"9":{"start":{"line":24,"column":0},"end":{"line":26,"column":3}},"10":{"start":{"line":25,"column":2},"end":{"line":25,"column":25}},"11":{"start":{"line":29,"column":0},"end":{"line":37,"column":3}},"12":{"start":{"line":31,"column":2},"end":{"line":31,"column":35}},"13":{"start":{"line":32,"column":2},"end":{"line":32,"column":69}},"14":{"start":{"line":35,"column":2},"end":{"line":35,"column":32}},"15":{"start":{"line":36,"column":2},"end":{"line":36,"column":22}}},"fnMap":{"0":{"name":"(anonymous_0)","decl":{"start":{"line":24,"column":8},"end":{"line":24,"column":9}},"loc":{"start":{"line":24,"column":34},"end":{"line":26,"column":1}},"line":24},"1":{"name":"(anonymous_1)","decl":{"start":{"line":29,"column":8},"end":{"line":29,"column":9}},"loc":{"start":{"line":29,"column":33},"end":{"line":37,"column":1}},"line":29}},"branchMap":{"0":{"loc":{"start":{"line":10,"column":2},"end":{"line":10,"column":72}},"type":"cond-expr","locations":[{"start":{"line":10,"column":36},"end":{"line":10,"column":49}},{"start":{"line":10,"column":52},"end":{"line":10,"column":72}}],"line":10},"1":{"loc":{"start":{"line":32,"column":21},"end":{"line":32,"column":68}},"type":"cond-expr","locations":[{"start":{"line":32,"column":60},"end":{"line":32,"column":63}},{"start":{"line":32,"column":66},"end":{"line":32,"column":68}}],"line":32},"2":{"loc":{"start":{"line":35,"column":13},"end":{"line":35,"column":30}},"type":"binary-expr","locations":[{"start":{"line":35,"column":13},"end":{"line":35,"column":23}},{"start":{"line":35,"column":27},"end":{"line":35,"column":30}}],"line":35}},"s":{"0":1,"1":1,"2":1,"3":1,"4":1,"5":1,"6":1,"7":1,"8":1,"9":1,"10":3,"11":1,"12":0,"13":0,"14":0,"15":0},"f":{"0":3,"1":0},"b":{"0":[1,0],"1":[0,0],"2":[0,0]},"_coverageSchema":"1a1c01bbd47fc00a2c39e90264f33305004495a9","hash":"bdcb227b4d45f30ad95f21055e3d9a3ee5d54cdd"}
,"/Users/shosarin/Desktop/Documents/DOCS/TGA/Exercises/Microservice E2/microservice/TGA_microservices/ms_issue/src/config/error.js": {"path":"/Users/shosarin/Desktop/Documents/DOCS/TGA/Exercises/Microservice E2/microservice/TGA_microservices/ms_issue/src/config/error.js","statementMap":{"0":{"start":{"line":1,"column":26},"end":{"line":34,"column":1}}},"fnMap":{},"branchMap":{},"s":{"0":1},"f":{},"b":{},"_coverageSchema":"1a1c01bbd47fc00a2c39e90264f33305004495a9","hash":"46adc80597200a561c3ee23c332e9146bfb2f2c8"}
,"/Users/shosarin/Desktop/Documents/DOCS/TGA/Exercises/Microservice E2/microservice/TGA_microservices/ms_issue/src/config/swagger.js": {"path":"/Users/shosarin/Desktop/Documents/DOCS/TGA/Exercises/Microservice E2/microservice/TGA_microservices/ms_issue/src/config/swagger.js","statementMap":{},"fnMap":{},"branchMap":{},"s":{},"f":{},"b":{},"_coverageSchema":"1a1c01bbd47fc00a2c39e90264f33305004495a9","hash":"16d5176a2eb088c162a4b18e69bf3797a952612e"}
,"/Users/shosarin/Desktop/Documents/DOCS/TGA/Exercises/Microservice E2/microservice/TGA_microservices/ms_issue/src/controller/issue.js": {"path":"/Users/shosarin/Desktop/Documents/DOCS/TGA/Exercises/Microservice E2/microservice/TGA_microservices/ms_issue/src/controller/issue.js","statementMap":{"0":{"start":{"line":6,"column":28},"end":{"line":6,"column":38}},"1":{"start":{"line":8,"column":31},"end":{"line":31,"column":1}},"2":{"start":{"line":10,"column":2},"end":{"line":30,"column":3}},"3":{"start":{"line":11,"column":4},"end":{"line":27,"column":7}},"4":{"start":{"line":29,"column":4},"end":{"line":29,"column":59}},"5":{"start":{"line":33,"column":28},"end":{"line":40,"column":1}},"6":{"start":{"line":42,"column":38},"end":{"line":59,"column":1}},"7":{"start":{"line":44,"column":2},"end":{"line":58,"column":3}},"8":{"start":{"line":45,"column":4},"end":{"line":55,"column":7}},"9":{"start":{"line":57,"column":4},"end":{"line":57,"column":59}},"10":{"start":{"line":91,"column":25},"end":{"line":125,"column":1}},"11":{"start":{"line":92,"column":2},"end":{"line":124,"column":3}},"12":{"start":{"line":93,"column":30},"end":{"line":93,"column":39}},"13":{"start":{"line":94,"column":23},"end":{"line":94,"column":25}},"14":{"start":{"line":95,"column":4},"end":{"line":97,"column":5}},"15":{"start":{"line":96,"column":6},"end":{"line":96,"column":35}},"16":{"start":{"line":98,"column":4},"end":{"line":100,"column":5}},"17":{"start":{"line":99,"column":6},"end":{"line":99,"column":34}},"18":{"start":{"line":101,"column":4},"end":{"line":101,"column":44}},"19":{"start":{"line":102,"column":17},"end":{"line":102,"column":50}},"20":{"start":{"line":103,"column":4},"end":{"line":103,"column":46}},"21":{"start":{"line":104,"column":4},"end":{"line":117,"column":5}},"22":{"start":{"line":105,"column":6},"end":{"line":108,"column":9}},"23":{"start":{"line":110,"column":34},"end":{"line":110,"column":65}},"24":{"start":{"line":111,"column":6},"end":{"line":116,"column":9}},"25":{"start":{"line":119,"column":4},"end":{"line":119,"column":42}},"26":{"start":{"line":120,"column":4},"end":{"line":123,"column":7}},"27":{"start":{"line":127,"column":25},"end":{"line":138,"column":1}},"28":{"start":{"line":128,"column":16},"end":{"line":128,"column":33}},"29":{"start":{"line":129,"column":2},"end":{"line":131,"column":3}},"30":{"start":{"line":130,"column":4},"end":{"line":130,"column":17}},"31":{"start":{"line":133,"column":2},"end":{"line":135,"column":3}},"32":{"start":{"line":134,"column":4},"end":{"line":134,"column":19}},"33":{"start":{"line":137,"column":2},"end":{"line":137,"column":15}},"34":{"start":{"line":166,"column":28},"end":{"line":212,"column":1}},"35":{"start":{"line":167,"column":2},"end":{"line":211,"column":3}},"36":{"start":{"line":168,"column":26},"end":{"line":168,"column":36}},"37":{"start":{"line":169,"column":4},"end":{"line":169,"column":40}},"38":{"start":{"line":170,"column":4},"end":{"line":170,"column":38}},"39":{"start":{"line":171,"column":4},"end":{"line":200,"column":5}},"40":{"start":{"line":172,"column":19},"end":{"line":172,"column":56}},"41":{"start":{"line":173,"column":6},"end":{"line":189,"column":7}},"42":{"start":{"line":174,"column":8},"end":{"line":174,"column":39}},"43":{"start":{"line":175,"column":8},"end":{"line":178,"column":11}},"44":{"start":{"line":180,"column":8},"end":{"line":180,"column":40}},"45":{"start":{"line":181,"column":36},"end":{"line":181,"column":63}},"46":{"start":{"line":183,"column":8},"end":{"line":188,"column":11}},"47":{"start":{"line":191,"column":6},"end":{"line":191,"column":66}},"48":{"start":{"line":192,"column":34},"end":{"line":192,"column":61}},"49":{"start":{"line":194,"column":6},"end":{"line":199,"column":9}},"50":{"start":{"line":202,"column":4},"end":{"line":202,"column":47}},"51":{"start":{"line":204,"column":32},"end":{"line":204,"column":62}},"52":{"start":{"line":206,"column":4},"end":{"line":210,"column":7}},"53":{"start":{"line":238,"column":27},"end":{"line":275,"column":1}},"54":{"start":{"line":239,"column":2},"end":{"line":274,"column":3}},"55":{"start":{"line":240,"column":32},"end":{"line":240,"column":35}},"56":{"start":{"line":241,"column":4},"end":{"line":241,"column":28}},"57":{"start":{"line":242,"column":4},"end":{"line":242,"column":34}},"58":{"start":{"line":243,"column":21},"end":{"line":243,"column":46}},"59":{"start":{"line":244,"column":4},"end":{"line":263,"column":7}},"60":{"start":{"line":245,"column":6},"end":{"line":262,"column":7}},"61":{"start":{"line":246,"column":36},"end":{"line":246,"column":63}},"62":{"start":{"line":247,"column":8},"end":{"line":247,"column":65}},"63":{"start":{"line":248,"column":8},"end":{"line":252,"column":11}},"64":{"start":{"line":254,"column":8},"end":{"line":254,"column":50}},"65":{"start":{"line":255,"column":8},"end":{"line":255,"column":26}},"66":{"start":{"line":256,"column":39},"end":{"line":256,"column":43}},"67":{"start":{"line":257,"column":8},"end":{"line":257,"column":51}},"68":{"start":{"line":258,"column":10},"end":{"line":261,"column":13}},"69":{"start":{"line":265,"column":4},"end":{"line":265,"column":53}},"70":{"start":{"line":267,"column":32},"end":{"line":267,"column":62}},"71":{"start":{"line":269,"column":4},"end":{"line":273,"column":7}},"72":{"start":{"line":305,"column":27},"end":{"line":370,"column":1}},"73":{"start":{"line":306,"column":2},"end":{"line":369,"column":3}},"74":{"start":{"line":307,"column":40},"end":{"line":307,"column":43}},"75":{"start":{"line":308,"column":26},"end":{"line":308,"column":32}},"76":{"start":{"line":309,"column":4},"end":{"line":309,"column":34}},"77":{"start":{"line":310,"column":4},"end":{"line":310,"column":28}},"78":{"start":{"line":311,"column":4},"end":{"line":311,"column":32}},"79":{"start":{"line":312,"column":4},"end":{"line":312,"column":40}},"80":{"start":{"line":313,"column":4},"end":{"line":323,"column":5}},"81":{"start":{"line":314,"column":6},"end":{"line":314,"column":65}},"82":{"start":{"line":315,"column":34},"end":{"line":315,"column":61}},"83":{"start":{"line":316,"column":6},"end":{"line":321,"column":9}},"84":{"start":{"line":322,"column":6},"end":{"line":322,"column":13}},"85":{"start":{"line":324,"column":18},"end":{"line":326,"column":6}},"86":{"start":{"line":327,"column":27},"end":{"line":327,"column":29}},"87":{"start":{"line":328,"column":4},"end":{"line":358,"column":5}},"88":{"start":{"line":329,"column":6},"end":{"line":340,"column":7}},"89":{"start":{"line":330,"column":8},"end":{"line":339,"column":9}},"90":{"start":{"line":331,"column":10},"end":{"line":336,"column":13}},"91":{"start":{"line":337,"column":10},"end":{"line":337,"column":38}},"92":{"start":{"line":338,"column":10},"end":{"line":338,"column":34}},"93":{"start":{"line":341,"column":6},"end":{"line":345,"column":7}},"94":{"start":{"line":342,"column":8},"end":{"line":342,"column":56}},"95":{"start":{"line":344,"column":8},"end":{"line":344,"column":58}},"96":{"start":{"line":346,"column":6},"end":{"line":348,"column":9}},"97":{"start":{"line":347,"column":10},"end":{"line":347,"column":33}},"98":{"start":{"line":350,"column":34},"end":{"line":350,"column":61}},"99":{"start":{"line":352,"column":6},"end":{"line":352,"column":56}},"100":{"start":{"line":353,"column":6},"end":{"line":357,"column":9}},"101":{"start":{"line":360,"column":4},"end":{"line":360,"column":56}},"102":{"start":{"line":362,"column":32},"end":{"line":362,"column":62}},"103":{"start":{"line":364,"column":4},"end":{"line":368,"column":7}},"104":{"start":{"line":394,"column":27},"end":{"line":438,"column":1}},"105":{"start":{"line":395,"column":2},"end":{"line":437,"column":3}},"106":{"start":{"line":398,"column":8},"end":{"line":398,"column":11}},"107":{"start":{"line":399,"column":20},"end":{"line":399,"column":40}},"108":{"start":{"line":400,"column":4},"end":{"line":410,"column":5}},"109":{"start":{"line":401,"column":6},"end":{"line":401,"column":65}},"110":{"start":{"line":402,"column":34},"end":{"line":402,"column":61}},"111":{"start":{"line":403,"column":6},"end":{"line":408,"column":9}},"112":{"start":{"line":409,"column":6},"end":{"line":409,"column":13}},"113":{"start":{"line":411,"column":17},"end":{"line":413,"column":6}},"114":{"start":{"line":414,"column":4},"end":{"line":426,"column":5}},"115":{"start":{"line":415,"column":6},"end":{"line":415,"column":59}},"116":{"start":{"line":416,"column":6},"end":{"line":416,"column":29}},"117":{"start":{"line":418,"column":34},"end":{"line":418,"column":61}},"118":{"start":{"line":420,"column":6},"end":{"line":420,"column":56}},"119":{"start":{"line":421,"column":6},"end":{"line":425,"column":9}},"120":{"start":{"line":428,"column":4},"end":{"line":428,"column":56}},"121":{"start":{"line":430,"column":32},"end":{"line":430,"column":62}},"122":{"start":{"line":432,"column":4},"end":{"line":436,"column":7}}},"fnMap":{"0":{"name":"(anonymous_0)","decl":{"start":{"line":8,"column":31},"end":{"line":8,"column":32}},"loc":{"start":{"line":8,"column":61},"end":{"line":31,"column":1}},"line":8},"1":{"name":"(anonymous_1)","decl":{"start":{"line":42,"column":38},"end":{"line":42,"column":39}},"loc":{"start":{"line":42,"column":66},"end":{"line":59,"column":1}},"line":42},"2":{"name":"(anonymous_2)","decl":{"start":{"line":91,"column":25},"end":{"line":91,"column":26}},"loc":{"start":{"line":91,"column":45},"end":{"line":125,"column":1}},"line":91},"3":{"name":"(anonymous_3)","decl":{"start":{"line":127,"column":25},"end":{"line":127,"column":26}},"loc":{"start":{"line":127,"column":34},"end":{"line":138,"column":1}},"line":127},"4":{"name":"(anonymous_4)","decl":{"start":{"line":166,"column":28},"end":{"line":166,"column":29}},"loc":{"start":{"line":166,"column":48},"end":{"line":212,"column":1}},"line":166},"5":{"name":"(anonymous_5)","decl":{"start":{"line":238,"column":27},"end":{"line":238,"column":28}},"loc":{"start":{"line":238,"column":47},"end":{"line":275,"column":1}},"line":238},"6":{"name":"(anonymous_6)","decl":{"start":{"line":244,"column":24},"end":{"line":244,"column":25}},"loc":{"start":{"line":244,"column":39},"end":{"line":263,"column":5}},"line":244},"7":{"name":"(anonymous_7)","decl":{"start":{"line":305,"column":27},"end":{"line":305,"column":28}},"loc":{"start":{"line":305,"column":47},"end":{"line":370,"column":1}},"line":305},"8":{"name":"(anonymous_8)","decl":{"start":{"line":346,"column":17},"end":{"line":346,"column":18}},"loc":{"start":{"line":346,"column":23},"end":{"line":348,"column":7}},"line":346},"9":{"name":"(anonymous_9)","decl":{"start":{"line":394,"column":27},"end":{"line":394,"column":28}},"loc":{"start":{"line":394,"column":47},"end":{"line":438,"column":1}},"line":394}},"branchMap":{"0":{"loc":{"start":{"line":95,"column":4},"end":{"line":97,"column":5}},"type":"if","locations":[{"start":{"line":95,"column":4},"end":{"line":97,"column":5}},{"start":{},"end":{}}],"line":95},"1":{"loc":{"start":{"line":98,"column":4},"end":{"line":100,"column":5}},"type":"if","locations":[{"start":{"line":98,"column":4},"end":{"line":100,"column":5}},{"start":{},"end":{}}],"line":98},"2":{"loc":{"start":{"line":104,"column":4},"end":{"line":117,"column":5}},"type":"if","locations":[{"start":{"line":104,"column":4},"end":{"line":117,"column":5}},{"start":{"line":109,"column":11},"end":{"line":117,"column":5}}],"line":104},"3":{"loc":{"start":{"line":104,"column":8},"end":{"line":104,"column":27}},"type":"binary-expr","locations":[{"start":{"line":104,"column":8},"end":{"line":104,"column":12}},{"start":{"line":104,"column":16},"end":{"line":104,"column":27}}],"line":104},"4":{"loc":{"start":{"line":129,"column":2},"end":{"line":131,"column":3}},"type":"if","locations":[{"start":{"line":129,"column":2},"end":{"line":131,"column":3}},{"start":{},"end":{}}],"line":129},"5":{"loc":{"start":{"line":133,"column":2},"end":{"line":135,"column":3}},"type":"if","locations":[{"start":{"line":133,"column":2},"end":{"line":135,"column":3}},{"start":{},"end":{}}],"line":133},"6":{"loc":{"start":{"line":171,"column":4},"end":{"line":200,"column":5}},"type":"if","locations":[{"start":{"line":171,"column":4},"end":{"line":200,"column":5}},{"start":{"line":190,"column":11},"end":{"line":200,"column":5}}],"line":171},"7":{"loc":{"start":{"line":173,"column":6},"end":{"line":189,"column":7}},"type":"if","locations":[{"start":{"line":173,"column":6},"end":{"line":189,"column":7}},{"start":{"line":179,"column":13},"end":{"line":189,"column":7}}],"line":173},"8":{"loc":{"start":{"line":173,"column":10},"end":{"line":173,"column":30}},"type":"binary-expr","locations":[{"start":{"line":173,"column":10},"end":{"line":173,"column":14}},{"start":{"line":173,"column":18},"end":{"line":173,"column":30}}],"line":173},"9":{"loc":{"start":{"line":245,"column":6},"end":{"line":262,"column":7}},"type":"if","locations":[{"start":{"line":245,"column":6},"end":{"line":262,"column":7}},{"start":{"line":253,"column":13},"end":{"line":262,"column":7}}],"line":245},"10":{"loc":{"start":{"line":313,"column":4},"end":{"line":323,"column":5}},"type":"if","locations":[{"start":{"line":313,"column":4},"end":{"line":323,"column":5}},{"start":{},"end":{}}],"line":313},"11":{"loc":{"start":{"line":328,"column":4},"end":{"line":358,"column":5}},"type":"if","locations":[{"start":{"line":328,"column":4},"end":{"line":358,"column":5}},{"start":{"line":349,"column":11},"end":{"line":358,"column":5}}],"line":328},"12":{"loc":{"start":{"line":330,"column":8},"end":{"line":339,"column":9}},"type":"if","locations":[{"start":{"line":330,"column":8},"end":{"line":339,"column":9}},{"start":{},"end":{}}],"line":330},"13":{"loc":{"start":{"line":335,"column":23},"end":{"line":335,"column":63}},"type":"binary-expr","locations":[{"start":{"line":335,"column":23},"end":{"line":335,"column":45}},{"start":{"line":335,"column":49},"end":{"line":335,"column":63}}],"line":335},"14":{"loc":{"start":{"line":341,"column":6},"end":{"line":345,"column":7}},"type":"if","locations":[{"start":{"line":341,"column":6},"end":{"line":345,"column":7}},{"start":{"line":343,"column":13},"end":{"line":345,"column":7}}],"line":341},"15":{"loc":{"start":{"line":400,"column":4},"end":{"line":410,"column":5}},"type":"if","locations":[{"start":{"line":400,"column":4},"end":{"line":410,"column":5}},{"start":{},"end":{}}],"line":400},"16":{"loc":{"start":{"line":414,"column":4},"end":{"line":426,"column":5}},"type":"if","locations":[{"start":{"line":414,"column":4},"end":{"line":426,"column":5}},{"start":{"line":417,"column":11},"end":{"line":426,"column":5}}],"line":414},"17":{"loc":{"start":{"line":414,"column":8},"end":{"line":414,"column":33}},"type":"binary-expr","locations":[{"start":{"line":414,"column":8},"end":{"line":414,"column":12}},{"start":{"line":414,"column":16},"end":{"line":414,"column":33}}],"line":414}},"s":{"0":1,"1":1,"2":1,"3":1,"4":1,"5":1,"6":1,"7":2,"8":2,"9":2,"10":1,"11":7,"12":7,"13":7,"14":7,"15":3,"16":7,"17":2,"18":7,"19":7,"20":6,"21":6,"22":5,"23":1,"24":1,"25":1,"26":1,"27":1,"28":14,"29":14,"30":3,"31":11,"32":10,"33":1,"34":1,"35":5,"36":5,"37":5,"38":5,"39":5,"40":3,"41":2,"42":1,"43":1,"44":1,"45":1,"46":1,"47":2,"48":2,"49":2,"50":1,"51":1,"52":1,"53":1,"54":3,"55":3,"56":3,"57":3,"58":3,"59":3,"60":2,"61":1,"62":1,"63":1,"64":1,"65":1,"66":1,"67":1,"68":1,"69":1,"70":1,"71":1,"72":1,"73":5,"74":5,"75":5,"76":5,"77":5,"78":5,"79":5,"80":5,"81":1,"82":1,"83":1,"84":1,"85":4,"86":3,"87":3,"88":2,"89":16,"90":1,"91":1,"92":1,"93":2,"94":1,"95":1,"96":2,"97":2,"98":1,"99":1,"100":1,"101":1,"102":1,"103":1,"104":1,"105":4,"106":4,"107":4,"108":4,"109":1,"110":1,"111":1,"112":1,"113":3,"114":2,"115":1,"116":1,"117":1,"118":1,"119":1,"120":1,"121":1,"122":1},"f":{"0":1,"1":2,"2":7,"3":14,"4":5,"5":3,"6":2,"7":5,"8":2,"9":4},"b":{"0":[3,4],"1":[2,5],"2":[5,1],"3":[6,6],"4":[3,11],"5":[10,1],"6":[3,2],"7":[1,1],"8":[2,1],"9":[1,1],"10":[1,4],"11":[2,1],"12":[1,15],"13":[1,1],"14":[1,1],"15":[1,3],"16":[1,1],"17":[2,2]},"_coverageSchema":"1a1c01bbd47fc00a2c39e90264f33305004495a9","hash":"4ec394f4decc0282bc2be833f6b01f251eaa72fb"}
,"/Users/shosarin/Desktop/Documents/DOCS/TGA/Exercises/Microservice E2/microservice/TGA_microservices/ms_issue/src/models/issue.js": {"path":"/Users/shosarin/Desktop/Documents/DOCS/TGA/Exercises/Microservice E2/microservice/TGA_microservices/ms_issue/src/models/issue.js","statementMap":{"0":{"start":{"line":4,"column":29},"end":{"line":4,"column":32}},"1":{"start":{"line":5,"column":22},"end":{"line":5,"column":41}},"2":{"start":{"line":6,"column":20},"end":{"line":52,"column":2}},"3":{"start":{"line":54,"column":0},"end":{"line":54,"column":60}},"4":{"start":{"line":55,"column":26},"end":{"line":55,"column":63}},"5":{"start":{"line":56,"column":34},"end":{"line":58,"column":1}}},"fnMap":{},"branchMap":{},"s":{"0":1,"1":1,"2":1,"3":1,"4":1,"5":1},"f":{},"b":{},"_coverageSchema":"1a1c01bbd47fc00a2c39e90264f33305004495a9","hash":"1407d5667282f7a9652111c43166925dd962a1b0"}
,"/Users/shosarin/Desktop/Documents/DOCS/TGA/Exercises/Microservice E2/microservice/TGA_microservices/ms_issue/src/routes/issue.js": {"path":"/Users/shosarin/Desktop/Documents/DOCS/TGA/Exercises/Microservice E2/microservice/TGA_microservices/ms_issue/src/routes/issue.js","statementMap":{"0":{"start":{"line":9,"column":20},"end":{"line":15,"column":1}},"1":{"start":{"line":10,"column":2},"end":{"line":10,"column":32}},"2":{"start":{"line":11,"column":2},"end":{"line":11,"column":38}},"3":{"start":{"line":12,"column":2},"end":{"line":12,"column":34}},"4":{"start":{"line":13,"column":2},"end":{"line":13,"column":37}},"5":{"start":{"line":14,"column":2},"end":{"line":14,"column":40}}},"fnMap":{"0":{"name":"(anonymous_0)","decl":{"start":{"line":9,"column":20},"end":{"line":9,"column":21}},"loc":{"start":{"line":9,"column":29},"end":{"line":15,"column":1}},"line":9}},"branchMap":{},"s":{"0":1,"1":1,"2":1,"3":1,"4":1,"5":1},"f":{"0":1},"b":{},"_coverageSchema":"1a1c01bbd47fc00a2c39e90264f33305004495a9","hash":"d3f8b7f60578686cc3deee0310f0eccb40a5df2c"}
,"/Users/shosarin/Desktop/Documents/DOCS/TGA/Exercises/Microservice E2/microservice/TGA_microservices/ms_issue/src/utils/logger.js": {"path":"/Users/shosarin/Desktop/Documents/DOCS/TGA/Exercises/Microservice E2/microservice/TGA_microservices/ms_issue/src/utils/logger.js","statementMap":{"0":{"start":{"line":5,"column":56},"end":{"line":5,"column":62}},"1":{"start":{"line":6,"column":23},"end":{"line":6,"column":33}},"2":{"start":{"line":12,"column":24},"end":{"line":34,"column":1}},"3":{"start":{"line":35,"column":0},"end":{"line":35,"column":34}},"4":{"start":{"line":39,"column":17},"end":{"line":39,"column":21}},"5":{"start":{"line":40,"column":4},"end":{"line":40,"column":29}},"6":{"start":{"line":41,"column":4},"end":{"line":41,"column":34}},"7":{"start":{"line":42,"column":29},"end":{"line":42,"column":33}},"8":{"start":{"line":44,"column":4},"end":{"line":56,"column":6}},"9":{"start":{"line":58,"column":4},"end":{"line":67,"column":35}},"10":{"start":{"line":71,"column":4},"end":{"line":71,"column":52}},"11":{"start":{"line":81,"column":17},"end":{"line":81,"column":21}},"12":{"start":{"line":83,"column":22},"end":{"line":93,"column":6}},"13":{"start":{"line":85,"column":6},"end":{"line":87,"column":7}},"14":{"start":{"line":86,"column":8},"end":{"line":86,"column":65}},"15":{"start":{"line":89,"column":27},"end":{"line":89,"column":61}},"16":{"start":{"line":90,"column":23},"end":{"line":90,"column":67}},"17":{"start":{"line":92,"column":6},"end":{"line":92,"column":69}},"18":{"start":{"line":95,"column":4},"end":{"line":103,"column":7}},"19":{"start":{"line":106,"column":18},"end":{"line":106,"column":47}}},"fnMap":{"0":{"name":"(anonymous_0)","decl":{"start":{"line":38,"column":2},"end":{"line":38,"column":3}},"loc":{"start":{"line":38,"column":52},"end":{"line":68,"column":3}},"line":38},"1":{"name":"(anonymous_1)","decl":{"start":{"line":70,"column":2},"end":{"line":70,"column":3}},"loc":{"start":{"line":70,"column":32},"end":{"line":72,"column":3}},"line":70},"2":{"name":"(anonymous_2)","decl":{"start":{"line":80,"column":2},"end":{"line":80,"column":3}},"loc":{"start":{"line":80,"column":14},"end":{"line":104,"column":3}},"line":80},"3":{"name":"(anonymous_3)","decl":{"start":{"line":83,"column":29},"end":{"line":83,"column":30}},"loc":{"start":{"line":83,"column":78},"end":{"line":93,"column":5}},"line":83}},"branchMap":{"0":{"loc":{"start":{"line":38,"column":14},"end":{"line":38,"column":50}},"type":"default-arg","locations":[{"start":{"line":38,"column":48},"end":{"line":38,"column":50}}],"line":38},"1":{"loc":{"start":{"line":38,"column":16},"end":{"line":38,"column":43}},"type":"default-arg","locations":[{"start":{"line":38,"column":27},"end":{"line":38,"column":43}}],"line":38},"2":{"loc":{"start":{"line":46,"column":10},"end":{"line":55,"column":12}},"type":"cond-expr","locations":[{"start":{"line":47,"column":10},"end":{"line":54,"column":11}},{"start":{"line":55,"column":10},"end":{"line":55,"column":12}}],"line":46},"3":{"loc":{"start":{"line":58,"column":29},"end":{"line":67,"column":34}},"type":"cond-expr","locations":[{"start":{"line":59,"column":8},"end":{"line":66,"column":9}},{"start":{"line":67,"column":8},"end":{"line":67,"column":34}}],"line":58},"4":{"loc":{"start":{"line":85,"column":6},"end":{"line":87,"column":7}},"type":"if","locations":[{"start":{"line":85,"column":6},"end":{"line":87,"column":7}},{"start":{},"end":{}}],"line":85},"5":{"loc":{"start":{"line":96,"column":13},"end":{"line":96,"column":44}},"type":"binary-expr","locations":[{"start":{"line":96,"column":13},"end":{"line":96,"column":34}},{"start":{"line":96,"column":38},"end":{"line":96,"column":44}}],"line":96}},"s":{"0":1,"1":1,"2":1,"3":1,"4":1,"5":1,"6":1,"7":1,"8":1,"9":1,"10":76,"11":1,"12":1,"13":38,"14":0,"15":38,"16":38,"17":38,"18":1,"19":1},"f":{"0":1,"1":76,"2":1,"3":38},"b":{"0":[1],"1":[1],"2":[1,0],"3":[1,0],"4":[0,38],"5":[1,1]},"_coverageSchema":"1a1c01bbd47fc00a2c39e90264f33305004495a9","hash":"335ea8ef041ec723dbe2682fbde64968e3c4c937"}
}
