TN:
SF:src/app.js
FN:24,(anonymous_0)
FN:29,(anonymous_1)
FNF:2
FNH:1
FNDA:3,(anonymous_0)
FNDA:0,(anonymous_1)
DA:9,1
DA:12,1
DA:13,1
DA:14,1
DA:15,1
DA:16,1
DA:18,1
DA:20,1
DA:21,1
DA:24,1
DA:25,3
DA:29,1
DA:31,0
DA:32,0
DA:35,0
DA:36,0
LF:16
LH:12
BRDA:10,0,0,1
BRDA:10,0,1,0
BRDA:32,1,0,0
BRDA:32,1,1,0
BRDA:35,2,0,0
BRDA:35,2,1,0
BRF:6
BRH:1
end_of_record
TN:
SF:src/config/error.js
FNF:0
FNH:0
DA:1,1
LF:1
LH:1
BRF:0
BRH:0
end_of_record
TN:
SF:src/config/swagger.js
FNF:0
FNH:0
LF:0
LH:0
BRF:0
BRH:0
end_of_record
TN:
SF:src/controller/issue.js
FN:8,(anonymous_0)
FN:42,(anonymous_1)
FN:91,(anonymous_2)
FN:127,(anonymous_3)
FN:166,(anonymous_4)
FN:238,(anonymous_5)
FN:244,(anonymous_6)
FN:305,(anonymous_7)
FN:346,(anonymous_8)
FN:394,(anonymous_9)
FNF:10
FNH:10
FNDA:1,(anonymous_0)
FNDA:2,(anonymous_1)
FNDA:7,(anonymous_2)
FNDA:14,(anonymous_3)
FNDA:5,(anonymous_4)
FNDA:3,(anonymous_5)
FNDA:2,(anonymous_6)
FNDA:5,(anonymous_7)
FNDA:2,(anonymous_8)
FNDA:4,(anonymous_9)
DA:6,1
DA:8,1
DA:10,1
DA:11,1
DA:29,1
DA:33,1
DA:42,1
DA:44,2
DA:45,2
DA:57,2
DA:91,1
DA:92,7
DA:93,7
DA:94,7
DA:95,7
DA:96,3
DA:98,7
DA:99,2
DA:101,7
DA:102,7
DA:103,6
DA:104,6
DA:105,5
DA:110,1
DA:111,1
DA:119,1
DA:120,1
DA:127,1
DA:128,14
DA:129,14
DA:130,3
DA:133,11
DA:134,10
DA:137,1
DA:166,1
DA:167,5
DA:168,5
DA:169,5
DA:170,5
DA:171,5
DA:172,3
DA:173,2
DA:174,1
DA:175,1
DA:180,1
DA:181,1
DA:183,1
DA:191,2
DA:192,2
DA:194,2
DA:202,1
DA:204,1
DA:206,1
DA:238,1
DA:239,3
DA:240,3
DA:241,3
DA:242,3
DA:243,3
DA:244,3
DA:245,2
DA:246,1
DA:247,1
DA:248,1
DA:254,1
DA:255,1
DA:256,1
DA:257,1
DA:258,1
DA:265,1
DA:267,1
DA:269,1
DA:305,1
DA:306,5
DA:307,5
DA:308,5
DA:309,5
DA:310,5
DA:311,5
DA:312,5
DA:313,5
DA:314,1
DA:315,1
DA:316,1
DA:322,1
DA:324,4
DA:327,3
DA:328,3
DA:329,2
DA:330,16
DA:331,1
DA:337,1
DA:338,1
DA:341,2
DA:342,1
DA:344,1
DA:346,2
DA:347,2
DA:350,1
DA:352,1
DA:353,1
DA:360,1
DA:362,1
DA:364,1
DA:394,1
DA:395,4
DA:398,4
DA:399,4
DA:400,4
DA:401,1
DA:402,1
DA:403,1
DA:409,1
DA:411,3
DA:414,2
DA:415,1
DA:416,1
DA:418,1
DA:420,1
DA:421,1
DA:428,1
DA:430,1
DA:432,1
LF:123
LH:123
BRDA:95,0,0,3
BRDA:95,0,1,4
BRDA:98,1,0,2
BRDA:98,1,1,5
BRDA:104,2,0,5
BRDA:104,2,1,1
BRDA:104,3,0,6
BRDA:104,3,1,6
BRDA:129,4,0,3
BRDA:129,4,1,11
BRDA:133,5,0,10
BRDA:133,5,1,1
BRDA:171,6,0,3
BRDA:171,6,1,2
BRDA:173,7,0,1
BRDA:173,7,1,1
BRDA:173,8,0,2
BRDA:173,8,1,1
BRDA:245,9,0,1
BRDA:245,9,1,1
BRDA:313,10,0,1
BRDA:313,10,1,4
BRDA:328,11,0,2
BRDA:328,11,1,1
BRDA:330,12,0,1
BRDA:330,12,1,15
BRDA:335,13,0,1
BRDA:335,13,1,1
BRDA:341,14,0,1
BRDA:341,14,1,1
BRDA:400,15,0,1
BRDA:400,15,1,3
BRDA:414,16,0,1
BRDA:414,16,1,1
BRDA:414,17,0,2
BRDA:414,17,1,2
BRF:36
BRH:36
end_of_record
TN:
SF:src/models/issue.js
FNF:0
FNH:0
DA:4,1
DA:5,1
DA:6,1
DA:54,1
DA:55,1
DA:56,1
LF:6
LH:6
BRF:0
BRH:0
end_of_record
TN:
SF:src/routes/issue.js
FN:9,(anonymous_0)
FNF:1
FNH:1
FNDA:1,(anonymous_0)
DA:9,1
DA:10,1
DA:11,1
DA:12,1
DA:13,1
DA:14,1
LF:6
LH:6
BRF:0
BRH:0
end_of_record
TN:
SF:src/utils/logger.js
FN:38,(anonymous_0)
FN:70,(anonymous_1)
FN:80,(anonymous_2)
FN:83,(anonymous_3)
FNF:4
FNH:4
FNDA:1,(anonymous_0)
FNDA:76,(anonymous_1)
FNDA:1,(anonymous_2)
FNDA:38,(anonymous_3)
DA:5,1
DA:6,1
DA:12,1
DA:35,1
DA:39,1
DA:40,1
DA:41,1
DA:42,1
DA:44,1
DA:58,1
DA:71,76
DA:81,1
DA:83,1
DA:85,38
DA:86,0
DA:89,38
DA:90,38
DA:92,38
DA:95,1
DA:106,1
LF:20
LH:19
BRDA:38,0,0,1
BRDA:38,1,0,1
BRDA:46,2,0,1
BRDA:46,2,1,0
BRDA:58,3,0,1
BRDA:58,3,1,0
BRDA:85,4,0,0
BRDA:85,4,1,38
BRDA:96,5,0,1
BRDA:96,5,1,1
BRF:10
BRH:7
end_of_record
