TN:
SF:src/app.js
FN:24,(anonymous_0)
FN:29,(anonymous_1)
FNF:2
FNH:1
FNDA:3,(anonymous_0)
FNDA:0,(anonymous_1)
DA:9,1
DA:12,1
DA:13,1
DA:14,1
DA:15,1
DA:16,1
DA:18,1
DA:20,1
DA:21,1
DA:24,1
DA:25,3
DA:29,1
DA:31,0
DA:32,0
DA:35,0
DA:36,0
LF:16
LH:12
BRDA:10,0,0,1
BRDA:10,0,1,0
BRDA:32,1,0,0
BRDA:32,1,1,0
BRDA:35,2,0,0
BRDA:35,2,1,0
BRF:6
BRH:1
end_of_record
TN:
SF:src/config/error.js
FNF:0
FNH:0
DA:1,1
LF:1
LH:1
BRF:0
BRH:0
end_of_record
TN:
SF:src/config/swagger.js
FNF:0
FNH:0
LF:0
LH:0
BRF:0
BRH:0
end_of_record
TN:
SF:src/controller/issue.js
FN:35,(anonymous_0)
FN:71,(anonymous_1)
FN:110,(anonymous_2)
FN:182,(anonymous_3)
FN:188,(anonymous_4)
FN:247,(anonymous_5)
FN:319,(anonymous_6)
FNF:7
FNH:7
FNDA:6,(anonymous_0)
FNDA:9,(anonymous_1)
FNDA:3,(anonymous_2)
FNDA:2,(anonymous_3)
FNDA:2,(anonymous_4)
FNDA:3,(anonymous_5)
FNDA:3,(anonymous_6)
DA:4,1
DA:35,1
DA:36,6
DA:37,6
DA:38,6
DA:39,6
DA:40,3
DA:42,6
DA:43,2
DA:45,6
DA:46,6
DA:47,6
DA:48,6
DA:49,5
DA:54,1
DA:55,1
DA:63,0
DA:64,0
DA:71,1
DA:72,9
DA:73,9
DA:74,3
DA:77,6
DA:78,6
DA:81,0
DA:110,1
DA:111,3
DA:112,3
DA:113,3
DA:114,3
DA:115,3
DA:116,2
DA:117,2
DA:118,1
DA:119,1
DA:124,1
DA:125,1
DA:127,1
DA:135,1
DA:136,1
DA:138,1
DA:146,0
DA:148,0
DA:150,0
DA:182,1
DA:183,2
DA:184,2
DA:185,2
DA:186,2
DA:187,2
DA:188,2
DA:189,2
DA:190,1
DA:191,1
DA:192,1
DA:197,1
DA:198,1
DA:199,1
DA:200,1
DA:207,0
DA:209,0
DA:211,0
DA:247,1
DA:248,3
DA:249,3
DA:250,3
DA:251,3
DA:252,3
DA:253,3
DA:254,3
DA:255,3
DA:256,1
DA:257,1
DA:258,1
DA:264,1
DA:266,2
DA:272,2
DA:273,1
DA:275,1
DA:277,1
DA:278,1
DA:285,0
DA:287,0
DA:289,0
DA:319,1
DA:320,3
DA:323,3
DA:324,3
DA:325,3
DA:326,1
DA:327,1
DA:328,1
DA:334,1
DA:336,2
DA:339,2
DA:340,1
DA:342,1
DA:344,1
DA:345,1
DA:352,0
DA:354,0
DA:356,0
LF:102
LH:87
BRDA:39,0,0,3
BRDA:39,0,1,3
BRDA:42,1,0,2
BRDA:42,1,1,4
BRDA:48,2,0,5
BRDA:48,2,1,1
BRDA:48,3,0,6
BRDA:48,3,1,6
BRDA:73,4,0,3
BRDA:73,4,1,6
BRDA:77,5,0,6
BRDA:77,5,1,0
BRDA:115,6,0,2
BRDA:115,6,1,1
BRDA:117,7,0,1
BRDA:117,7,1,1
BRDA:117,8,0,2
BRDA:117,8,1,1
BRDA:189,9,0,1
BRDA:189,9,1,1
BRDA:197,10,0,1
BRDA:197,10,1,0
BRDA:255,11,0,1
BRDA:255,11,1,2
BRDA:272,12,0,1
BRDA:272,12,1,1
BRDA:325,13,0,1
BRDA:325,13,1,2
BRDA:339,14,0,1
BRDA:339,14,1,1
BRDA:339,15,0,2
BRDA:339,15,1,2
BRF:32
BRH:30
end_of_record
TN:
SF:src/models/issue.js
FNF:0
FNH:0
DA:4,1
DA:5,1
DA:6,1
DA:54,1
DA:55,1
DA:56,1
LF:6
LH:6
BRF:0
BRH:0
end_of_record
TN:
SF:src/routes/issue.js
FN:9,(anonymous_0)
FNF:1
FNH:1
FNDA:1,(anonymous_0)
DA:9,1
DA:10,1
DA:11,1
DA:12,1
DA:13,1
DA:14,1
LF:6
LH:6
BRF:0
BRH:0
end_of_record
TN:
SF:src/utils/logger.js
FN:38,(anonymous_0)
FN:70,(anonymous_1)
FN:80,(anonymous_2)
FN:83,(anonymous_3)
FNF:4
FNH:4
FNDA:1,(anonymous_0)
FNDA:50,(anonymous_1)
FNDA:1,(anonymous_2)
FNDA:25,(anonymous_3)
DA:5,1
DA:6,1
DA:12,1
DA:35,1
DA:39,1
DA:40,1
DA:41,1
DA:42,1
DA:44,1
DA:58,1
DA:71,50
DA:81,1
DA:83,1
DA:85,25
DA:86,0
DA:89,25
DA:90,25
DA:92,25
DA:95,1
DA:106,1
LF:20
LH:19
BRDA:38,0,0,1
BRDA:38,1,0,1
BRDA:46,2,0,1
BRDA:46,2,1,0
BRDA:58,3,0,1
BRDA:58,3,1,0
BRDA:85,4,0,0
BRDA:85,4,1,25
BRDA:96,5,0,1
BRDA:96,5,1,1
BRF:10
BRH:7
end_of_record
